{"D:\\Web\\Netology\\ajs\\js-advanced-diploma\\src\\js\\Character.js": {"path":"D:\\Web\\Netology\\ajs\\js-advanced-diploma\\src\\js\\Character.js","statementMap":{"0":{"start":{"line":17,"column":4},"end":{"line":17,"column":23}},"1":{"start":{"line":18,"column":4},"end":{"line":18,"column":20}},"2":{"start":{"line":19,"column":4},"end":{"line":19,"column":21}},"3":{"start":{"line":20,"column":4},"end":{"line":20,"column":21}},"4":{"start":{"line":21,"column":4},"end":{"line":21,"column":21}},"5":{"start":{"line":23,"column":4},"end":{"line":25,"column":5}},"6":{"start":{"line":24,"column":6},"end":{"line":24,"column":43}}},"fnMap":{"0":{"name":"(anonymous_0)","decl":{"start":{"line":16,"column":2},"end":{"line":16,"column":3}},"loc":{"start":{"line":16,"column":39},"end":{"line":26,"column":3}},"line":16}},"branchMap":{"0":{"loc":{"start":{"line":16,"column":21},"end":{"line":16,"column":37}},"type":"default-arg","locations":[{"start":{"line":16,"column":28},"end":{"line":16,"column":37}}],"line":16},"1":{"loc":{"start":{"line":23,"column":4},"end":{"line":25,"column":5}},"type":"if","locations":[{"start":{"line":23,"column":4},"end":{"line":25,"column":5}},{"start":{},"end":{}}],"line":23}},"s":{"0":18,"1":18,"2":18,"3":18,"4":18,"5":18,"6":0},"f":{"0":18},"b":{"0":[18],"1":[0,18]},"_coverageSchema":"1a1c01bbd47fc00a2c39e90264f33305004495a9","hash":"6c67a6f2f3af864c49912946d1db0e1530ced671"}
,"D:\\Web\\Netology\\ajs\\js-advanced-diploma\\src\\js\\GameController.js": {"path":"D:\\Web\\Netology\\ajs\\js-advanced-diploma\\src\\js\\GameController.js","statementMap":{"0":{"start":{"line":14,"column":20},"end":{"line":14,"column":49}},"1":{"start":{"line":15,"column":19},"end":{"line":15,"column":44}},"2":{"start":{"line":17,"column":29},"end":{"line":17,"column":31}},"3":{"start":{"line":18,"column":27},"end":{"line":18,"column":29}},"4":{"start":{"line":20,"column":24},"end":{"line":20,"column":26}},"5":{"start":{"line":21,"column":23},"end":{"line":21,"column":25}},"6":{"start":{"line":23,"column":26},"end":{"line":23,"column":28}},"7":{"start":{"line":24,"column":25},"end":{"line":24,"column":27}},"8":{"start":{"line":33,"column":20},"end":{"line":33,"column":24}},"9":{"start":{"line":34,"column":20},"end":{"line":34,"column":21}},"10":{"start":{"line":35,"column":17},"end":{"line":35,"column":18}},"11":{"start":{"line":38,"column":2},"end":{"line":44,"column":3}},"12":{"start":{"line":39,"column":24},"end":{"line":39,"column":74}},"13":{"start":{"line":40,"column":4},"end":{"line":40,"column":63}},"14":{"start":{"line":42,"column":4},"end":{"line":42,"column":41}},"15":{"start":{"line":47,"column":2},"end":{"line":47,"column":125}},"16":{"start":{"line":50,"column":2},"end":{"line":50,"column":68}},"17":{"start":{"line":54,"column":2},"end":{"line":54,"column":51}},"18":{"start":{"line":54,"column":28},"end":{"line":54,"column":49}},"19":{"start":{"line":57,"column":17},"end":{"line":57,"column":50}},"20":{"start":{"line":58,"column":2},"end":{"line":70,"column":3}},"21":{"start":{"line":59,"column":4},"end":{"line":61,"column":5}},"22":{"start":{"line":60,"column":6},"end":{"line":60,"column":64}},"23":{"start":{"line":62,"column":4},"end":{"line":62,"column":41}},"24":{"start":{"line":63,"column":4},"end":{"line":63,"column":33}},"25":{"start":{"line":64,"column":4},"end":{"line":64,"column":68}},"26":{"start":{"line":66,"column":4},"end":{"line":66,"column":48}},"27":{"start":{"line":67,"column":4},"end":{"line":69,"column":5}},"28":{"start":{"line":68,"column":6},"end":{"line":68,"column":41}},"29":{"start":{"line":73,"column":2},"end":{"line":78,"column":3}},"30":{"start":{"line":74,"column":4},"end":{"line":77,"column":5}},"31":{"start":{"line":74,"column":21},"end":{"line":74,"column":22}},"32":{"start":{"line":75,"column":22},"end":{"line":75,"column":45}},"33":{"start":{"line":76,"column":6},"end":{"line":76,"column":58}},"34":{"start":{"line":79,"column":2},"end":{"line":79,"column":57}},"35":{"start":{"line":82,"column":20},"end":{"line":82,"column":53}},"36":{"start":{"line":83,"column":2},"end":{"line":91,"column":3}},"37":{"start":{"line":84,"column":26},"end":{"line":84,"column":105}},"38":{"start":{"line":84,"column":64},"end":{"line":84,"column":104}},"39":{"start":{"line":85,"column":4},"end":{"line":85,"column":106}},"40":{"start":{"line":86,"column":4},"end":{"line":86,"column":49}},"41":{"start":{"line":87,"column":4},"end":{"line":87,"column":35}},"42":{"start":{"line":88,"column":4},"end":{"line":88,"column":69}},"43":{"start":{"line":90,"column":4},"end":{"line":90,"column":36}},"44":{"start":{"line":94,"column":2},"end":{"line":103,"column":3}},"45":{"start":{"line":95,"column":19},"end":{"line":95,"column":61}},"46":{"start":{"line":96,"column":19},"end":{"line":96,"column":122}},"47":{"start":{"line":97,"column":23},"end":{"line":97,"column":67}},"48":{"start":{"line":98,"column":4},"end":{"line":102,"column":45}},"49":{"start":{"line":99,"column":6},"end":{"line":99,"column":30}},"50":{"start":{"line":100,"column":6},"end":{"line":100,"column":90}},"51":{"start":{"line":101,"column":6},"end":{"line":101,"column":71}},"52":{"start":{"line":102,"column":24},"end":{"line":102,"column":41}},"53":{"start":{"line":107,"column":2},"end":{"line":116,"column":3}},"54":{"start":{"line":110,"column":6},"end":{"line":110,"column":15}},"55":{"start":{"line":113,"column":6},"end":{"line":113,"column":15}},"56":{"start":{"line":115,"column":6},"end":{"line":115,"column":15}},"57":{"start":{"line":119,"column":2},"end":{"line":128,"column":3}},"58":{"start":{"line":122,"column":6},"end":{"line":122,"column":15}},"59":{"start":{"line":125,"column":6},"end":{"line":125,"column":15}},"60":{"start":{"line":127,"column":6},"end":{"line":127,"column":15}},"61":{"start":{"line":131,"column":2},"end":{"line":138,"column":3}},"62":{"start":{"line":131,"column":15},"end":{"line":131,"column":16}},"63":{"start":{"line":132,"column":4},"end":{"line":137,"column":5}},"64":{"start":{"line":136,"column":6},"end":{"line":136,"column":18}},"65":{"start":{"line":139,"column":2},"end":{"line":139,"column":15}},"66":{"start":{"line":142,"column":21},"end":{"line":142,"column":30}},"67":{"start":{"line":143,"column":2},"end":{"line":150,"column":3}},"68":{"start":{"line":143,"column":15},"end":{"line":143,"column":16}},"69":{"start":{"line":144,"column":4},"end":{"line":144,"column":36}},"70":{"start":{"line":145,"column":4},"end":{"line":145,"column":36}},"71":{"start":{"line":146,"column":4},"end":{"line":146,"column":36}},"72":{"start":{"line":147,"column":4},"end":{"line":147,"column":36}},"73":{"start":{"line":148,"column":4},"end":{"line":148,"column":30}},"74":{"start":{"line":149,"column":4},"end":{"line":149,"column":30}},"75":{"start":{"line":151,"column":2},"end":{"line":151,"column":32}},"76":{"start":{"line":154,"column":2},"end":{"line":166,"column":3}},"77":{"start":{"line":154,"column":15},"end":{"line":154,"column":16}},"78":{"start":{"line":155,"column":19},"end":{"line":155,"column":34}},"79":{"start":{"line":156,"column":20},"end":{"line":156,"column":35}},"80":{"start":{"line":157,"column":4},"end":{"line":165,"column":5}},"81":{"start":{"line":157,"column":17},"end":{"line":157,"column":18}},"82":{"start":{"line":158,"column":6},"end":{"line":164,"column":7}},"83":{"start":{"line":163,"column":8},"end":{"line":163,"column":20}},"84":{"start":{"line":167,"column":2},"end":{"line":167,"column":15}},"85":{"start":{"line":170,"column":23},"end":{"line":170,"column":32}},"86":{"start":{"line":171,"column":2},"end":{"line":180,"column":3}},"87":{"start":{"line":171,"column":15},"end":{"line":171,"column":16}},"88":{"start":{"line":172,"column":19},"end":{"line":172,"column":34}},"89":{"start":{"line":173,"column":20},"end":{"line":173,"column":35}},"90":{"start":{"line":174,"column":4},"end":{"line":179,"column":5}},"91":{"start":{"line":174,"column":17},"end":{"line":174,"column":18}},"92":{"start":{"line":175,"column":6},"end":{"line":175,"column":51}},"93":{"start":{"line":176,"column":6},"end":{"line":176,"column":45}},"94":{"start":{"line":177,"column":6},"end":{"line":177,"column":52}},"95":{"start":{"line":178,"column":6},"end":{"line":178,"column":46}},"96":{"start":{"line":181,"column":2},"end":{"line":181,"column":34}},"97":{"start":{"line":184,"column":2},"end":{"line":186,"column":3}},"98":{"start":{"line":185,"column":4},"end":{"line":185,"column":32}},"99":{"start":{"line":187,"column":2},"end":{"line":187,"column":31}},"100":{"start":{"line":190,"column":2},"end":{"line":190,"column":81}},"101":{"start":{"line":193,"column":2},"end":{"line":205,"column":5}},"102":{"start":{"line":194,"column":4},"end":{"line":204,"column":5}},"103":{"start":{"line":195,"column":26},"end":{"line":195,"column":79}},"104":{"start":{"line":195,"column":64},"end":{"line":195,"column":78}},"105":{"start":{"line":196,"column":6},"end":{"line":202,"column":7}},"106":{"start":{"line":197,"column":8},"end":{"line":197,"column":50}},"107":{"start":{"line":198,"column":8},"end":{"line":198,"column":27}},"108":{"start":{"line":200,"column":8},"end":{"line":200,"column":79}},"109":{"start":{"line":200,"column":63},"end":{"line":200,"column":77}},"110":{"start":{"line":201,"column":8},"end":{"line":201,"column":51}},"111":{"start":{"line":203,"column":6},"end":{"line":203,"column":61}},"112":{"start":{"line":206,"column":2},"end":{"line":211,"column":3}},"113":{"start":{"line":207,"column":4},"end":{"line":207,"column":14}},"114":{"start":{"line":208,"column":4},"end":{"line":208,"column":16}},"115":{"start":{"line":209,"column":4},"end":{"line":209,"column":20}},"116":{"start":{"line":210,"column":4},"end":{"line":210,"column":54}},"117":{"start":{"line":214,"column":2},"end":{"line":225,"column":5}},"118":{"start":{"line":215,"column":4},"end":{"line":219,"column":5}},"119":{"start":{"line":216,"column":6},"end":{"line":216,"column":34}},"120":{"start":{"line":218,"column":6},"end":{"line":218,"column":34}},"121":{"start":{"line":220,"column":4},"end":{"line":222,"column":5}},"122":{"start":{"line":221,"column":6},"end":{"line":221,"column":32}},"123":{"start":{"line":223,"column":4},"end":{"line":223,"column":122}},"124":{"start":{"line":224,"column":4},"end":{"line":224,"column":125}},"125":{"start":{"line":228,"column":17},"end":{"line":228,"column":35}},"126":{"start":{"line":229,"column":2},"end":{"line":229,"column":16}},"127":{"start":{"line":232,"column":20},"end":{"line":232,"column":118}},"128":{"start":{"line":233,"column":2},"end":{"line":235,"column":3}},"129":{"start":{"line":234,"column":4},"end":{"line":234,"column":31}},"130":{"start":{"line":236,"column":2},"end":{"line":236,"column":15}},"131":{"start":{"line":237,"column":2},"end":{"line":237,"column":41}},"132":{"start":{"line":240,"column":20},"end":{"line":240,"column":120}},"133":{"start":{"line":241,"column":19},"end":{"line":241,"column":74}},"134":{"start":{"line":242,"column":2},"end":{"line":242,"column":121}},"135":{"start":{"line":245,"column":2},"end":{"line":245,"column":51}},"136":{"start":{"line":246,"column":2},"end":{"line":246,"column":20}},"137":{"start":{"line":249,"column":22},"end":{"line":249,"column":119}},"138":{"start":{"line":250,"column":26},"end":{"line":250,"column":97}},"139":{"start":{"line":250,"column":61},"end":{"line":250,"column":96}},"140":{"start":{"line":252,"column":2},"end":{"line":271,"column":3}},"141":{"start":{"line":253,"column":19},"end":{"line":253,"column":47}},"142":{"start":{"line":254,"column":19},"end":{"line":254,"column":130}},"143":{"start":{"line":255,"column":23},"end":{"line":255,"column":91}},"144":{"start":{"line":257,"column":4},"end":{"line":260,"column":45}},"145":{"start":{"line":258,"column":6},"end":{"line":258,"column":30}},"146":{"start":{"line":259,"column":6},"end":{"line":259,"column":51}},"147":{"start":{"line":260,"column":24},"end":{"line":260,"column":41}},"148":{"start":{"line":262,"column":22},"end":{"line":262,"column":115}},"149":{"start":{"line":263,"column":25},"end":{"line":263,"column":86}},"150":{"start":{"line":264,"column":22},"end":{"line":264,"column":74}},"151":{"start":{"line":265,"column":4},"end":{"line":270,"column":5}},"152":{"start":{"line":266,"column":27},"end":{"line":266,"column":113}},"153":{"start":{"line":266,"column":64},"end":{"line":266,"column":112}},"154":{"start":{"line":267,"column":6},"end":{"line":267,"column":119}},"155":{"start":{"line":268,"column":6},"end":{"line":268,"column":52}},"156":{"start":{"line":269,"column":6},"end":{"line":269,"column":61}},"157":{"start":{"line":274,"column":2},"end":{"line":278,"column":3}},"158":{"start":{"line":275,"column":4},"end":{"line":275,"column":45}},"159":{"start":{"line":276,"column":4},"end":{"line":276,"column":53}},"160":{"start":{"line":277,"column":4},"end":{"line":277,"column":52}},"161":{"start":{"line":281,"column":2},"end":{"line":287,"column":3}},"162":{"start":{"line":282,"column":4},"end":{"line":282,"column":35}},"163":{"start":{"line":283,"column":4},"end":{"line":283,"column":33}},"164":{"start":{"line":284,"column":4},"end":{"line":284,"column":35}},"165":{"start":{"line":286,"column":4},"end":{"line":286,"column":34}},"166":{"start":{"line":290,"column":2},"end":{"line":299,"column":4}},"167":{"start":{"line":300,"column":2},"end":{"line":309,"column":4}},"168":{"start":{"line":310,"column":2},"end":{"line":319,"column":4}},"169":{"start":{"line":320,"column":2},"end":{"line":329,"column":4}},"170":{"start":{"line":330,"column":2},"end":{"line":339,"column":4}},"171":{"start":{"line":341,"column":2},"end":{"line":341,"column":39}},"172":{"start":{"line":343,"column":19},"end":{"line":343,"column":38}},"173":{"start":{"line":345,"column":2},"end":{"line":345,"column":42}},"174":{"start":{"line":346,"column":2},"end":{"line":350,"column":3}},"175":{"start":{"line":347,"column":4},"end":{"line":347,"column":43}},"176":{"start":{"line":349,"column":4},"end":{"line":349,"column":30}},"177":{"start":{"line":353,"column":2},"end":{"line":353,"column":50}},"178":{"start":{"line":354,"column":2},"end":{"line":354,"column":50}},"179":{"start":{"line":355,"column":2},"end":{"line":355,"column":50}},"180":{"start":{"line":358,"column":2},"end":{"line":358,"column":26}},"181":{"start":{"line":359,"column":2},"end":{"line":361,"column":3}},"182":{"start":{"line":360,"column":4},"end":{"line":360,"column":26}},"183":{"start":{"line":362,"column":2},"end":{"line":362,"column":15}},"184":{"start":{"line":363,"column":2},"end":{"line":363,"column":22}},"185":{"start":{"line":364,"column":2},"end":{"line":364,"column":64}},"186":{"start":{"line":365,"column":2},"end":{"line":365,"column":15}},"187":{"start":{"line":370,"column":4},"end":{"line":370,"column":29}},"188":{"start":{"line":371,"column":4},"end":{"line":371,"column":37}},"189":{"start":{"line":378,"column":23},"end":{"line":378,"column":54}},"190":{"start":{"line":379,"column":22},"end":{"line":379,"column":52}},"191":{"start":{"line":380,"column":21},"end":{"line":380,"column":44}},"192":{"start":{"line":382,"column":4},"end":{"line":395,"column":5}},"193":{"start":{"line":382,"column":21},"end":{"line":382,"column":22}},"194":{"start":{"line":383,"column":6},"end":{"line":385,"column":7}},"195":{"start":{"line":384,"column":8},"end":{"line":384,"column":41}},"196":{"start":{"line":386,"column":6},"end":{"line":388,"column":7}},"197":{"start":{"line":387,"column":8},"end":{"line":387,"column":41}},"198":{"start":{"line":389,"column":6},"end":{"line":391,"column":7}},"199":{"start":{"line":390,"column":8},"end":{"line":390,"column":39}},"200":{"start":{"line":392,"column":6},"end":{"line":394,"column":7}},"201":{"start":{"line":393,"column":8},"end":{"line":393,"column":39}},"202":{"start":{"line":397,"column":4},"end":{"line":422,"column":5}},"203":{"start":{"line":397,"column":21},"end":{"line":397,"column":22}},"204":{"start":{"line":398,"column":6},"end":{"line":402,"column":8}},"205":{"start":{"line":404,"column":6},"end":{"line":408,"column":8}},"206":{"start":{"line":410,"column":6},"end":{"line":415,"column":8}},"207":{"start":{"line":416,"column":6},"end":{"line":421,"column":8}},"208":{"start":{"line":424,"column":4},"end":{"line":424,"column":52}},"209":{"start":{"line":426,"column":4},"end":{"line":428,"column":6}},"210":{"start":{"line":429,"column":4},"end":{"line":431,"column":6}},"211":{"start":{"line":432,"column":4},"end":{"line":434,"column":6}},"212":{"start":{"line":435,"column":4},"end":{"line":437,"column":6}},"213":{"start":{"line":438,"column":4},"end":{"line":440,"column":6}},"214":{"start":{"line":441,"column":4},"end":{"line":443,"column":6}},"215":{"start":{"line":448,"column":4},"end":{"line":448,"column":28}},"216":{"start":{"line":453,"column":22},"end":{"line":453,"column":115}},"217":{"start":{"line":454,"column":21},"end":{"line":454,"column":69}},"218":{"start":{"line":455,"column":4},"end":{"line":455,"column":102}},"219":{"start":{"line":460,"column":22},"end":{"line":460,"column":115}},"220":{"start":{"line":465,"column":22},"end":{"line":465,"column":115}},"221":{"start":{"line":466,"column":21},"end":{"line":466,"column":69}},"222":{"start":{"line":467,"column":4},"end":{"line":467,"column":102}},"223":{"start":{"line":472,"column":26},"end":{"line":472,"column":71}},"224":{"start":{"line":473,"column":29},"end":{"line":473,"column":64}},"225":{"start":{"line":474,"column":28},"end":{"line":474,"column":62}},"226":{"start":{"line":477,"column":6},"end":{"line":485,"column":7}},"227":{"start":{"line":478,"column":8},"end":{"line":482,"column":9}},"228":{"start":{"line":479,"column":10},"end":{"line":479,"column":54}},"229":{"start":{"line":480,"column":10},"end":{"line":480,"column":60}},"230":{"start":{"line":481,"column":10},"end":{"line":481,"column":31}},"231":{"start":{"line":484,"column":8},"end":{"line":484,"column":30}},"232":{"start":{"line":489,"column":6},"end":{"line":497,"column":7}},"233":{"start":{"line":490,"column":8},"end":{"line":494,"column":9}},"234":{"start":{"line":491,"column":10},"end":{"line":491,"column":56}},"235":{"start":{"line":492,"column":10},"end":{"line":492,"column":58}},"236":{"start":{"line":493,"column":10},"end":{"line":493,"column":29}},"237":{"start":{"line":496,"column":8},"end":{"line":496,"column":28}},"238":{"start":{"line":500,"column":4},"end":{"line":508,"column":5}},"239":{"start":{"line":501,"column":21},"end":{"line":501,"column":54}},"240":{"start":{"line":502,"column":6},"end":{"line":502,"column":51}},"241":{"start":{"line":503,"column":6},"end":{"line":505,"column":7}},"242":{"start":{"line":504,"column":8},"end":{"line":504,"column":49}},"243":{"start":{"line":507,"column":6},"end":{"line":507,"column":50}},"244":{"start":{"line":509,"column":4},"end":{"line":514,"column":5}},"245":{"start":{"line":510,"column":24},"end":{"line":510,"column":65}},"246":{"start":{"line":511,"column":26},"end":{"line":511,"column":69}},"247":{"start":{"line":512,"column":6},"end":{"line":512,"column":69}},"248":{"start":{"line":513,"column":6},"end":{"line":513,"column":73}},"249":{"start":{"line":519,"column":4},"end":{"line":519,"column":41}},"250":{"start":{"line":520,"column":4},"end":{"line":520,"column":38}},"251":{"start":{"line":521,"column":4},"end":{"line":523,"column":5}},"252":{"start":{"line":522,"column":6},"end":{"line":522,"column":55}}},"fnMap":{"0":{"name":"createAllowedPositions","decl":{"start":{"line":37,"column":9},"end":{"line":37,"column":31}},"loc":{"start":{"line":37,"column":65},"end":{"line":45,"column":1}},"line":37},"1":{"name":"myTag","decl":{"start":{"line":46,"column":9},"end":{"line":46,"column":14}},"loc":{"start":{"line":46,"column":29},"end":{"line":48,"column":1}},"line":46},"2":{"name":"renewAllPlayers","decl":{"start":{"line":49,"column":9},"end":{"line":49,"column":24}},"loc":{"start":{"line":49,"column":37},"end":{"line":51,"column":1}},"line":49},"3":{"name":"checkCell","decl":{"start":{"line":53,"column":9},"end":{"line":53,"column":18}},"loc":{"start":{"line":53,"column":29},"end":{"line":55,"column":1}},"line":53},"4":{"name":"(anonymous_4)","decl":{"start":{"line":54,"column":18},"end":{"line":54,"column":19}},"loc":{"start":{"line":54,"column":28},"end":{"line":54,"column":49}},"line":54},"5":{"name":"selectPlayer","decl":{"start":{"line":56,"column":9},"end":{"line":56,"column":21}},"loc":{"start":{"line":56,"column":40},"end":{"line":71,"column":1}},"line":56},"6":{"name":"selectRival","decl":{"start":{"line":72,"column":9},"end":{"line":72,"column":20}},"loc":{"start":{"line":72,"column":39},"end":{"line":80,"column":1}},"line":72},"7":{"name":"movePlayer","decl":{"start":{"line":81,"column":9},"end":{"line":81,"column":19}},"loc":{"start":{"line":81,"column":38},"end":{"line":92,"column":1}},"line":81},"8":{"name":"(anonymous_8)","decl":{"start":{"line":84,"column":54},"end":{"line":84,"column":55}},"loc":{"start":{"line":84,"column":64},"end":{"line":84,"column":104}},"line":84},"9":{"name":"playerAttack","decl":{"start":{"line":93,"column":9},"end":{"line":93,"column":21}},"loc":{"start":{"line":93,"column":40},"end":{"line":104,"column":1}},"line":93},"10":{"name":"(anonymous_10)","decl":{"start":{"line":98,"column":20},"end":{"line":98,"column":21}},"loc":{"start":{"line":98,"column":26},"end":{"line":102,"column":5}},"line":98},"11":{"name":"(anonymous_11)","decl":{"start":{"line":102,"column":13},"end":{"line":102,"column":14}},"loc":{"start":{"line":102,"column":22},"end":{"line":102,"column":43}},"line":102},"12":{"name":"getMoveRange","decl":{"start":{"line":106,"column":9},"end":{"line":106,"column":21}},"loc":{"start":{"line":106,"column":28},"end":{"line":117,"column":1}},"line":106},"13":{"name":"getAttackRange","decl":{"start":{"line":118,"column":9},"end":{"line":118,"column":23}},"loc":{"start":{"line":118,"column":30},"end":{"line":129,"column":1}},"line":118},"14":{"name":"moveCheck","decl":{"start":{"line":130,"column":16},"end":{"line":130,"column":25}},"loc":{"start":{"line":130,"column":45},"end":{"line":140,"column":1}},"line":130},"15":{"name":"rivalMoveCheck","decl":{"start":{"line":141,"column":9},"end":{"line":141,"column":23}},"loc":{"start":{"line":141,"column":38},"end":{"line":152,"column":1}},"line":141},"16":{"name":"attackCheck","decl":{"start":{"line":153,"column":16},"end":{"line":153,"column":27}},"loc":{"start":{"line":153,"column":47},"end":{"line":168,"column":1}},"line":153},"17":{"name":"rivalAttackCheck","decl":{"start":{"line":169,"column":9},"end":{"line":169,"column":25}},"loc":{"start":{"line":169,"column":40},"end":{"line":182,"column":1}},"line":169},"18":{"name":"transition","decl":{"start":{"line":183,"column":9},"end":{"line":183,"column":19}},"loc":{"start":{"line":183,"column":22},"end":{"line":188,"column":1}},"line":183},"19":{"name":"getRandomRival","decl":{"start":{"line":189,"column":9},"end":{"line":189,"column":23}},"loc":{"start":{"line":189,"column":26},"end":{"line":191,"column":1}},"line":189},"20":{"name":"removeDead","decl":{"start":{"line":192,"column":9},"end":{"line":192,"column":19}},"loc":{"start":{"line":192,"column":45},"end":{"line":212,"column":1}},"line":192},"21":{"name":"(anonymous_21)","decl":{"start":{"line":193,"column":34},"end":{"line":193,"column":35}},"loc":{"start":{"line":193,"column":44},"end":{"line":205,"column":3}},"line":193},"22":{"name":"(anonymous_22)","decl":{"start":{"line":195,"column":53},"end":{"line":195,"column":54}},"loc":{"start":{"line":195,"column":64},"end":{"line":195,"column":78}},"line":195},"23":{"name":"(anonymous_23)","decl":{"start":{"line":200,"column":52},"end":{"line":200,"column":53}},"loc":{"start":{"line":200,"column":63},"end":{"line":200,"column":77}},"line":200},"24":{"name":"levelUp","decl":{"start":{"line":213,"column":9},"end":{"line":213,"column":16}},"loc":{"start":{"line":213,"column":19},"end":{"line":226,"column":1}},"line":213},"25":{"name":"(anonymous_25)","decl":{"start":{"line":214,"column":24},"end":{"line":214,"column":25}},"loc":{"start":{"line":214,"column":34},"end":{"line":225,"column":3}},"line":214},"26":{"name":"arrayFromObj","decl":{"start":{"line":227,"column":9},"end":{"line":227,"column":21}},"loc":{"start":{"line":227,"column":27},"end":{"line":230,"column":1}},"line":227},"27":{"name":"nextTheme","decl":{"start":{"line":231,"column":9},"end":{"line":231,"column":18}},"loc":{"start":{"line":231,"column":48},"end":{"line":238,"column":1}},"line":231},"28":{"name":"nextLevel","decl":{"start":{"line":239,"column":9},"end":{"line":239,"column":18}},"loc":{"start":{"line":239,"column":32},"end":{"line":243,"column":1}},"line":239},"29":{"name":"refreshBoard","decl":{"start":{"line":244,"column":9},"end":{"line":244,"column":21}},"loc":{"start":{"line":244,"column":47},"end":{"line":247,"column":1}},"line":244},"30":{"name":"doRandomMove","decl":{"start":{"line":248,"column":9},"end":{"line":248,"column":21}},"loc":{"start":{"line":248,"column":70},"end":{"line":272,"column":1}},"line":248},"31":{"name":"(anonymous_31)","decl":{"start":{"line":250,"column":51},"end":{"line":250,"column":52}},"loc":{"start":{"line":250,"column":61},"end":{"line":250,"column":96}},"line":250},"32":{"name":"(anonymous_32)","decl":{"start":{"line":257,"column":20},"end":{"line":257,"column":21}},"loc":{"start":{"line":257,"column":26},"end":{"line":260,"column":5}},"line":257},"33":{"name":"(anonymous_33)","decl":{"start":{"line":260,"column":13},"end":{"line":260,"column":14}},"loc":{"start":{"line":260,"column":22},"end":{"line":260,"column":43}},"line":260},"34":{"name":"(anonymous_34)","decl":{"start":{"line":266,"column":54},"end":{"line":266,"column":55}},"loc":{"start":{"line":266,"column":64},"end":{"line":266,"column":112}},"line":266},"35":{"name":"AIMove","decl":{"start":{"line":273,"column":9},"end":{"line":273,"column":15}},"loc":{"start":{"line":273,"column":29},"end":{"line":279,"column":1}},"line":273},"36":{"name":"playerMove","decl":{"start":{"line":280,"column":9},"end":{"line":280,"column":19}},"loc":{"start":{"line":280,"column":48},"end":{"line":288,"column":1}},"line":280},"37":{"name":"saveGame","decl":{"start":{"line":289,"column":9},"end":{"line":289,"column":17}},"loc":{"start":{"line":289,"column":69},"end":{"line":351,"column":1}},"line":289},"38":{"name":"gameOver","decl":{"start":{"line":352,"column":9},"end":{"line":352,"column":17}},"loc":{"start":{"line":352,"column":31},"end":{"line":356,"column":1}},"line":352},"39":{"name":"moveTransition","decl":{"start":{"line":357,"column":9},"end":{"line":357,"column":23}},"loc":{"start":{"line":357,"column":77},"end":{"line":366,"column":1}},"line":357},"40":{"name":"(anonymous_40)","decl":{"start":{"line":369,"column":2},"end":{"line":369,"column":3}},"loc":{"start":{"line":369,"column":38},"end":{"line":372,"column":3}},"line":369},"41":{"name":"(anonymous_41)","decl":{"start":{"line":374,"column":2},"end":{"line":374,"column":3}},"loc":{"start":{"line":374,"column":9},"end":{"line":444,"column":3}},"line":374},"42":{"name":"(anonymous_42)","decl":{"start":{"line":446,"column":2},"end":{"line":446,"column":3}},"loc":{"start":{"line":446,"column":21},"end":{"line":449,"column":3}},"line":446},"43":{"name":"(anonymous_43)","decl":{"start":{"line":451,"column":2},"end":{"line":451,"column":3}},"loc":{"start":{"line":451,"column":19},"end":{"line":456,"column":3}},"line":451},"44":{"name":"(anonymous_44)","decl":{"start":{"line":458,"column":2},"end":{"line":458,"column":3}},"loc":{"start":{"line":458,"column":20},"end":{"line":461,"column":3}},"line":458},"45":{"name":"(anonymous_45)","decl":{"start":{"line":463,"column":2},"end":{"line":463,"column":3}},"loc":{"start":{"line":463,"column":20},"end":{"line":468,"column":3}},"line":463},"46":{"name":"(anonymous_46)","decl":{"start":{"line":470,"column":2},"end":{"line":470,"column":3}},"loc":{"start":{"line":470,"column":21},"end":{"line":515,"column":3}},"line":470},"47":{"name":"attackCellsCheck","decl":{"start":{"line":476,"column":13},"end":{"line":476,"column":29}},"loc":{"start":{"line":476,"column":69},"end":{"line":486,"column":5}},"line":476},"48":{"name":"moveCellsCheck","decl":{"start":{"line":488,"column":13},"end":{"line":488,"column":27}},"loc":{"start":{"line":488,"column":67},"end":{"line":498,"column":5}},"line":488},"49":{"name":"(anonymous_49)","decl":{"start":{"line":517,"column":2},"end":{"line":517,"column":3}},"loc":{"start":{"line":517,"column":21},"end":{"line":524,"column":3}},"line":517}},"branchMap":{"0":{"loc":{"start":{"line":38,"column":2},"end":{"line":44,"column":3}},"type":"if","locations":[{"start":{"line":38,"column":2},"end":{"line":44,"column":3}},{"start":{"line":41,"column":9},"end":{"line":44,"column":3}}],"line":38},"1":{"loc":{"start":{"line":58,"column":2},"end":{"line":70,"column":3}},"type":"if","locations":[{"start":{"line":58,"column":2},"end":{"line":70,"column":3}},{"start":{"line":65,"column":9},"end":{"line":70,"column":3}}],"line":58},"2":{"loc":{"start":{"line":59,"column":4},"end":{"line":61,"column":5}},"type":"if","locations":[{"start":{"line":59,"column":4},"end":{"line":61,"column":5}},{"start":{},"end":{}}],"line":59},"3":{"loc":{"start":{"line":67,"column":4},"end":{"line":69,"column":5}},"type":"if","locations":[{"start":{"line":67,"column":4},"end":{"line":69,"column":5}},{"start":{},"end":{}}],"line":67},"4":{"loc":{"start":{"line":67,"column":8},"end":{"line":67,"column":43}},"type":"binary-expr","locations":[{"start":{"line":67,"column":8},"end":{"line":67,"column":16}},{"start":{"line":67,"column":20},"end":{"line":67,"column":43}}],"line":67},"5":{"loc":{"start":{"line":73,"column":2},"end":{"line":78,"column":3}},"type":"if","locations":[{"start":{"line":73,"column":2},"end":{"line":78,"column":3}},{"start":{},"end":{}}],"line":73},"6":{"loc":{"start":{"line":83,"column":2},"end":{"line":91,"column":3}},"type":"if","locations":[{"start":{"line":83,"column":2},"end":{"line":91,"column":3}},{"start":{"line":89,"column":9},"end":{"line":91,"column":3}}],"line":83},"7":{"loc":{"start":{"line":83,"column":6},"end":{"line":83,"column":31}},"type":"binary-expr","locations":[{"start":{"line":83,"column":6},"end":{"line":83,"column":17}},{"start":{"line":83,"column":21},"end":{"line":83,"column":31}}],"line":83},"8":{"loc":{"start":{"line":94,"column":2},"end":{"line":103,"column":3}},"type":"if","locations":[{"start":{"line":94,"column":2},"end":{"line":103,"column":3}},{"start":{},"end":{}}],"line":94},"9":{"loc":{"start":{"line":107,"column":2},"end":{"line":116,"column":3}},"type":"switch","locations":[{"start":{"line":108,"column":4},"end":{"line":108,"column":18}},{"start":{"line":109,"column":4},"end":{"line":110,"column":15}},{"start":{"line":111,"column":4},"end":{"line":111,"column":21}},{"start":{"line":112,"column":4},"end":{"line":113,"column":15}},{"start":{"line":114,"column":4},"end":{"line":115,"column":15}}],"line":107},"10":{"loc":{"start":{"line":119,"column":2},"end":{"line":128,"column":3}},"type":"switch","locations":[{"start":{"line":120,"column":4},"end":{"line":120,"column":18}},{"start":{"line":121,"column":4},"end":{"line":122,"column":15}},{"start":{"line":123,"column":4},"end":{"line":123,"column":21}},{"start":{"line":124,"column":4},"end":{"line":125,"column":15}},{"start":{"line":126,"column":4},"end":{"line":127,"column":15}}],"line":119},"11":{"loc":{"start":{"line":132,"column":4},"end":{"line":137,"column":5}},"type":"if","locations":[{"start":{"line":132,"column":4},"end":{"line":137,"column":5}},{"start":{},"end":{}}],"line":132},"12":{"loc":{"start":{"line":132,"column":8},"end":{"line":135,"column":38}},"type":"binary-expr","locations":[{"start":{"line":132,"column":9},"end":{"line":132,"column":42}},{"start":{"line":133,"column":9},"end":{"line":133,"column":42}},{"start":{"line":134,"column":9},"end":{"line":134,"column":42}},{"start":{"line":135,"column":9},"end":{"line":135,"column":36}}],"line":132},"13":{"loc":{"start":{"line":158,"column":6},"end":{"line":164,"column":7}},"type":"if","locations":[{"start":{"line":158,"column":6},"end":{"line":164,"column":7}},{"start":{},"end":{}}],"line":158},"14":{"loc":{"start":{"line":158,"column":10},"end":{"line":161,"column":34}},"type":"binary-expr","locations":[{"start":{"line":158,"column":12},"end":{"line":158,"column":36}},{"start":{"line":159,"column":13},"end":{"line":159,"column":33}},{"start":{"line":160,"column":12},"end":{"line":160,"column":39}},{"start":{"line":161,"column":12},"end":{"line":161,"column":33}}],"line":158},"15":{"loc":{"start":{"line":184,"column":2},"end":{"line":186,"column":3}},"type":"if","locations":[{"start":{"line":184,"column":2},"end":{"line":186,"column":3}},{"start":{},"end":{}}],"line":184},"16":{"loc":{"start":{"line":194,"column":4},"end":{"line":204,"column":5}},"type":"if","locations":[{"start":{"line":194,"column":4},"end":{"line":204,"column":5}},{"start":{},"end":{}}],"line":194},"17":{"loc":{"start":{"line":196,"column":6},"end":{"line":202,"column":7}},"type":"if","locations":[{"start":{"line":196,"column":6},"end":{"line":202,"column":7}},{"start":{"line":199,"column":13},"end":{"line":202,"column":7}}],"line":196},"18":{"loc":{"start":{"line":206,"column":2},"end":{"line":211,"column":3}},"type":"if","locations":[{"start":{"line":206,"column":2},"end":{"line":211,"column":3}},{"start":{},"end":{}}],"line":206},"19":{"loc":{"start":{"line":215,"column":4},"end":{"line":219,"column":5}},"type":"if","locations":[{"start":{"line":215,"column":4},"end":{"line":219,"column":5}},{"start":{"line":217,"column":11},"end":{"line":219,"column":5}}],"line":215},"20":{"loc":{"start":{"line":220,"column":4},"end":{"line":222,"column":5}},"type":"if","locations":[{"start":{"line":220,"column":4},"end":{"line":222,"column":5}},{"start":{},"end":{}}],"line":220},"21":{"loc":{"start":{"line":233,"column":2},"end":{"line":235,"column":3}},"type":"if","locations":[{"start":{"line":233,"column":2},"end":{"line":235,"column":3}},{"start":{},"end":{}}],"line":233},"22":{"loc":{"start":{"line":252,"column":2},"end":{"line":271,"column":3}},"type":"if","locations":[{"start":{"line":252,"column":2},"end":{"line":271,"column":3}},{"start":{"line":261,"column":9},"end":{"line":271,"column":3}}],"line":252},"23":{"loc":{"start":{"line":265,"column":4},"end":{"line":270,"column":5}},"type":"if","locations":[{"start":{"line":265,"column":4},"end":{"line":270,"column":5}},{"start":{},"end":{}}],"line":265},"24":{"loc":{"start":{"line":274,"column":2},"end":{"line":278,"column":3}},"type":"if","locations":[{"start":{"line":274,"column":2},"end":{"line":278,"column":3}},{"start":{},"end":{}}],"line":274},"25":{"loc":{"start":{"line":281,"column":2},"end":{"line":287,"column":3}},"type":"if","locations":[{"start":{"line":281,"column":2},"end":{"line":287,"column":3}},{"start":{"line":285,"column":9},"end":{"line":287,"column":3}}],"line":281},"26":{"loc":{"start":{"line":359,"column":2},"end":{"line":361,"column":3}},"type":"if","locations":[{"start":{"line":359,"column":2},"end":{"line":361,"column":3}},{"start":{},"end":{}}],"line":359},"27":{"loc":{"start":{"line":359,"column":6},"end":{"line":359,"column":46}},"type":"binary-expr","locations":[{"start":{"line":359,"column":7},"end":{"line":359,"column":25}},{"start":{"line":359,"column":31},"end":{"line":359,"column":45}}],"line":359},"28":{"loc":{"start":{"line":383,"column":6},"end":{"line":385,"column":7}},"type":"if","locations":[{"start":{"line":383,"column":6},"end":{"line":385,"column":7}},{"start":{},"end":{}}],"line":383},"29":{"loc":{"start":{"line":386,"column":6},"end":{"line":388,"column":7}},"type":"if","locations":[{"start":{"line":386,"column":6},"end":{"line":388,"column":7}},{"start":{},"end":{}}],"line":386},"30":{"loc":{"start":{"line":389,"column":6},"end":{"line":391,"column":7}},"type":"if","locations":[{"start":{"line":389,"column":6},"end":{"line":391,"column":7}},{"start":{},"end":{}}],"line":389},"31":{"loc":{"start":{"line":392,"column":6},"end":{"line":394,"column":7}},"type":"if","locations":[{"start":{"line":392,"column":6},"end":{"line":394,"column":7}},{"start":{},"end":{}}],"line":392},"32":{"loc":{"start":{"line":477,"column":6},"end":{"line":485,"column":7}},"type":"if","locations":[{"start":{"line":477,"column":6},"end":{"line":485,"column":7}},{"start":{"line":483,"column":13},"end":{"line":485,"column":7}}],"line":477},"33":{"loc":{"start":{"line":478,"column":8},"end":{"line":482,"column":9}},"type":"if","locations":[{"start":{"line":478,"column":8},"end":{"line":482,"column":9}},{"start":{},"end":{}}],"line":478},"34":{"loc":{"start":{"line":489,"column":6},"end":{"line":497,"column":7}},"type":"if","locations":[{"start":{"line":489,"column":6},"end":{"line":497,"column":7}},{"start":{"line":495,"column":13},"end":{"line":497,"column":7}}],"line":489},"35":{"loc":{"start":{"line":490,"column":8},"end":{"line":494,"column":9}},"type":"if","locations":[{"start":{"line":490,"column":8},"end":{"line":494,"column":9}},{"start":{},"end":{}}],"line":490},"36":{"loc":{"start":{"line":500,"column":4},"end":{"line":508,"column":5}},"type":"if","locations":[{"start":{"line":500,"column":4},"end":{"line":508,"column":5}},{"start":{"line":506,"column":11},"end":{"line":508,"column":5}}],"line":500},"37":{"loc":{"start":{"line":503,"column":6},"end":{"line":505,"column":7}},"type":"if","locations":[{"start":{"line":503,"column":6},"end":{"line":505,"column":7}},{"start":{},"end":{}}],"line":503},"38":{"loc":{"start":{"line":509,"column":4},"end":{"line":514,"column":5}},"type":"if","locations":[{"start":{"line":509,"column":4},"end":{"line":514,"column":5}},{"start":{},"end":{}}],"line":509},"39":{"loc":{"start":{"line":509,"column":8},"end":{"line":509,"column":68}},"type":"binary-expr","locations":[{"start":{"line":509,"column":8},"end":{"line":509,"column":30}},{"start":{"line":509,"column":35},"end":{"line":509,"column":67}}],"line":509},"40":{"loc":{"start":{"line":521,"column":4},"end":{"line":523,"column":5}},"type":"if","locations":[{"start":{"line":521,"column":4},"end":{"line":523,"column":5}},{"start":{},"end":{}}],"line":521}},"s":{"0":2,"1":2,"2":2,"3":2,"4":2,"5":2,"6":2,"7":2,"8":2,"9":2,"10":2,"11":0,"12":0,"13":0,"14":0,"15":0,"16":0,"17":0,"18":0,"19":0,"20":0,"21":0,"22":0,"23":0,"24":0,"25":0,"26":0,"27":0,"28":0,"29":0,"30":0,"31":0,"32":0,"33":0,"34":0,"35":0,"36":0,"37":0,"38":0,"39":0,"40":0,"41":0,"42":0,"43":0,"44":0,"45":0,"46":0,"47":0,"48":0,"49":0,"50":0,"51":0,"52":0,"53":0,"54":0,"55":0,"56":0,"57":0,"58":0,"59":0,"60":0,"61":1,"62":1,"63":1,"64":1,"65":0,"66":0,"67":0,"68":0,"69":0,"70":0,"71":0,"72":0,"73":0,"74":0,"75":0,"76":1,"77":1,"78":2,"79":2,"80":2,"81":2,"82":6,"83":1,"84":0,"85":0,"86":0,"87":0,"88":0,"89":0,"90":0,"91":0,"92":0,"93":0,"94":0,"95":0,"96":0,"97":0,"98":0,"99":0,"100":0,"101":0,"102":0,"103":0,"104":0,"105":0,"106":0,"107":0,"108":0,"109":0,"110":0,"111":0,"112":0,"113":0,"114":0,"115":0,"116":0,"117":0,"118":0,"119":0,"120":0,"121":0,"122":0,"123":0,"124":0,"125":0,"126":0,"127":0,"128":0,"129":0,"130":0,"131":0,"132":0,"133":0,"134":0,"135":0,"136":0,"137":0,"138":0,"139":0,"140":0,"141":0,"142":0,"143":0,"144":0,"145":0,"146":0,"147":0,"148":0,"149":0,"150":0,"151":0,"152":0,"153":0,"154":0,"155":0,"156":0,"157":0,"158":0,"159":0,"160":0,"161":0,"162":0,"163":0,"164":0,"165":0,"166":0,"167":0,"168":0,"169":0,"170":0,"171":0,"172":0,"173":0,"174":0,"175":0,"176":0,"177":0,"178":0,"179":0,"180":0,"181":0,"182":0,"183":0,"184":0,"185":0,"186":0,"187":0,"188":0,"189":0,"190":0,"191":0,"192":0,"193":0,"194":0,"195":0,"196":0,"197":0,"198":0,"199":0,"200":0,"201":0,"202":0,"203":0,"204":0,"205":0,"206":0,"207":0,"208":0,"209":0,"210":0,"211":0,"212":0,"213":0,"214":0,"215":0,"216":0,"217":0,"218":0,"219":0,"220":0,"221":0,"222":0,"223":0,"224":0,"225":0,"226":0,"227":0,"228":0,"229":0,"230":0,"231":0,"232":0,"233":0,"234":0,"235":0,"236":0,"237":0,"238":0,"239":0,"240":0,"241":0,"242":0,"243":0,"244":0,"245":0,"246":0,"247":0,"248":0,"249":0,"250":0,"251":0,"252":0},"f":{"0":0,"1":0,"2":0,"3":0,"4":0,"5":0,"6":0,"7":0,"8":0,"9":0,"10":0,"11":0,"12":0,"13":0,"14":1,"15":0,"16":1,"17":0,"18":0,"19":0,"20":0,"21":0,"22":0,"23":0,"24":0,"25":0,"26":0,"27":0,"28":0,"29":0,"30":0,"31":0,"32":0,"33":0,"34":0,"35":0,"36":0,"37":0,"38":0,"39":0,"40":0,"41":0,"42":0,"43":0,"44":0,"45":0,"46":0,"47":0,"48":0,"49":0},"b":{"0":[0,0],"1":[0,0],"2":[0,0],"3":[0,0],"4":[0,0],"5":[0,0],"6":[0,0],"7":[0,0],"8":[0,0],"9":[0,0,0,0,0],"10":[0,0,0,0,0],"11":[1,0],"12":[1,1,1,0],"13":[1,5],"14":[6,6,5,5],"15":[0,0],"16":[0,0],"17":[0,0],"18":[0,0],"19":[0,0],"20":[0,0],"21":[0,0],"22":[0,0],"23":[0,0],"24":[0,0],"25":[0,0],"26":[0,0],"27":[0,0],"28":[0,0],"29":[0,0],"30":[0,0],"31":[0,0],"32":[0,0],"33":[0,0],"34":[0,0],"35":[0,0],"36":[0,0],"37":[0,0],"38":[0,0],"39":[0,0],"40":[0,0]},"_coverageSchema":"1a1c01bbd47fc00a2c39e90264f33305004495a9","hash":"f2e388bebbb2a8bd6049846cd9c578ef7e115893"}
,"D:\\Web\\Netology\\ajs\\js-advanced-diploma\\src\\js\\GamePlay.js": {"path":"D:\\Web\\Netology\\ajs\\js-advanced-diploma\\src\\js\\GamePlay.js","statementMap":{"0":{"start":{"line":5,"column":4},"end":{"line":5,"column":23}},"1":{"start":{"line":6,"column":4},"end":{"line":6,"column":26}},"2":{"start":{"line":7,"column":4},"end":{"line":7,"column":24}},"3":{"start":{"line":8,"column":4},"end":{"line":8,"column":20}},"4":{"start":{"line":9,"column":4},"end":{"line":9,"column":33}},"5":{"start":{"line":10,"column":4},"end":{"line":10,"column":33}},"6":{"start":{"line":11,"column":4},"end":{"line":11,"column":33}},"7":{"start":{"line":12,"column":4},"end":{"line":12,"column":31}},"8":{"start":{"line":13,"column":4},"end":{"line":13,"column":32}},"9":{"start":{"line":14,"column":4},"end":{"line":14,"column":32}},"10":{"start":{"line":18,"column":4},"end":{"line":20,"column":5}},"11":{"start":{"line":19,"column":6},"end":{"line":19,"column":54}},"12":{"start":{"line":21,"column":4},"end":{"line":21,"column":31}},"13":{"start":{"line":30,"column":4},"end":{"line":30,"column":24}},"14":{"start":{"line":32,"column":4},"end":{"line":41,"column":6}},"15":{"start":{"line":43,"column":4},"end":{"line":43,"column":78}},"16":{"start":{"line":44,"column":4},"end":{"line":44,"column":76}},"17":{"start":{"line":45,"column":4},"end":{"line":45,"column":76}},"18":{"start":{"line":47,"column":4},"end":{"line":47,"column":84}},"19":{"start":{"line":47,"column":56},"end":{"line":47,"column":82}},"20":{"start":{"line":48,"column":4},"end":{"line":48,"column":86}},"21":{"start":{"line":48,"column":57},"end":{"line":48,"column":84}},"22":{"start":{"line":49,"column":4},"end":{"line":49,"column":86}},"23":{"start":{"line":49,"column":57},"end":{"line":49,"column":84}},"24":{"start":{"line":51,"column":4},"end":{"line":51,"column":67}},"25":{"start":{"line":53,"column":4},"end":{"line":53,"column":38}},"26":{"start":{"line":54,"column":4},"end":{"line":61,"column":5}},"27":{"start":{"line":54,"column":17},"end":{"line":54,"column":18}},"28":{"start":{"line":55,"column":21},"end":{"line":55,"column":50}},"29":{"start":{"line":56,"column":6},"end":{"line":56,"column":94}},"30":{"start":{"line":57,"column":6},"end":{"line":57,"column":80}},"31":{"start":{"line":57,"column":55},"end":{"line":57,"column":78}},"32":{"start":{"line":58,"column":6},"end":{"line":58,"column":80}},"33":{"start":{"line":58,"column":55},"end":{"line":58,"column":78}},"34":{"start":{"line":59,"column":6},"end":{"line":59,"column":75}},"35":{"start":{"line":59,"column":50},"end":{"line":59,"column":73}},"36":{"start":{"line":60,"column":6},"end":{"line":60,"column":39}},"37":{"start":{"line":63,"column":4},"end":{"line":63,"column":51}},"38":{"start":{"line":72,"column":4},"end":{"line":74,"column":5}},"39":{"start":{"line":73,"column":6},"end":{"line":73,"column":26}},"40":{"start":{"line":76,"column":4},"end":{"line":91,"column":5}},"41":{"start":{"line":77,"column":21},"end":{"line":77,"column":61}},"42":{"start":{"line":78,"column":21},"end":{"line":78,"column":50}},"43":{"start":{"line":79,"column":6},"end":{"line":79,"column":65}},"44":{"start":{"line":81,"column":23},"end":{"line":81,"column":52}},"45":{"start":{"line":82,"column":6},"end":{"line":82,"column":45}},"46":{"start":{"line":84,"column":32},"end":{"line":84,"column":61}},"47":{"start":{"line":85,"column":6},"end":{"line":85,"column":136}},"48":{"start":{"line":86,"column":6},"end":{"line":86,"column":70}},"49":{"start":{"line":87,"column":6},"end":{"line":87,"column":46}},"50":{"start":{"line":89,"column":6},"end":{"line":89,"column":35}},"51":{"start":{"line":90,"column":6},"end":{"line":90,"column":33}},"52":{"start":{"line":100,"column":4},"end":{"line":100,"column":43}},"53":{"start":{"line":109,"column":4},"end":{"line":109,"column":43}},"54":{"start":{"line":118,"column":4},"end":{"line":118,"column":43}},"55":{"start":{"line":127,"column":4},"end":{"line":127,"column":41}},"56":{"start":{"line":136,"column":4},"end":{"line":136,"column":42}},"57":{"start":{"line":145,"column":4},"end":{"line":145,"column":42}},"58":{"start":{"line":149,"column":4},"end":{"line":149,"column":27}},"59":{"start":{"line":150,"column":18},"end":{"line":150,"column":57}},"60":{"start":{"line":151,"column":4},"end":{"line":151,"column":64}},"61":{"start":{"line":151,"column":43},"end":{"line":151,"column":62}},"62":{"start":{"line":155,"column":4},"end":{"line":155,"column":27}},"63":{"start":{"line":156,"column":18},"end":{"line":156,"column":57}},"64":{"start":{"line":157,"column":4},"end":{"line":157,"column":64}},"65":{"start":{"line":157,"column":43},"end":{"line":157,"column":62}},"66":{"start":{"line":161,"column":18},"end":{"line":161,"column":57}},"67":{"start":{"line":162,"column":4},"end":{"line":162,"column":64}},"68":{"start":{"line":162,"column":43},"end":{"line":162,"column":62}},"69":{"start":{"line":166,"column":4},"end":{"line":166,"column":27}},"70":{"start":{"line":167,"column":4},"end":{"line":167,"column":55}},"71":{"start":{"line":167,"column":41},"end":{"line":167,"column":53}},"72":{"start":{"line":171,"column":4},"end":{"line":171,"column":27}},"73":{"start":{"line":172,"column":4},"end":{"line":172,"column":56}},"74":{"start":{"line":172,"column":42},"end":{"line":172,"column":54}},"75":{"start":{"line":176,"column":4},"end":{"line":176,"column":27}},"76":{"start":{"line":177,"column":4},"end":{"line":177,"column":56}},"77":{"start":{"line":177,"column":42},"end":{"line":177,"column":54}},"78":{"start":{"line":181,"column":4},"end":{"line":181,"column":19}},"79":{"start":{"line":185,"column":4},"end":{"line":185,"column":19}},"80":{"start":{"line":189,"column":4},"end":{"line":189,"column":29}},"81":{"start":{"line":190,"column":4},"end":{"line":190,"column":69}},"82":{"start":{"line":194,"column":17},"end":{"line":194,"column":34}},"83":{"start":{"line":195,"column":4},"end":{"line":196,"column":48}},"84":{"start":{"line":196,"column":21},"end":{"line":196,"column":45}},"85":{"start":{"line":200,"column":4},"end":{"line":200,"column":38}},"86":{"start":{"line":204,"column":4},"end":{"line":204,"column":33}},"87":{"start":{"line":208,"column":4},"end":{"line":219,"column":7}},"88":{"start":{"line":209,"column":19},"end":{"line":209,"column":36}},"89":{"start":{"line":210,"column":23},"end":{"line":210,"column":53}},"90":{"start":{"line":211,"column":6},"end":{"line":211,"column":36}},"91":{"start":{"line":212,"column":6},"end":{"line":212,"column":39}},"92":{"start":{"line":213,"column":6},"end":{"line":213,"column":33}},"93":{"start":{"line":215,"column":6},"end":{"line":218,"column":9}},"94":{"start":{"line":216,"column":8},"end":{"line":216,"column":35}},"95":{"start":{"line":217,"column":8},"end":{"line":217,"column":18}},"96":{"start":{"line":223,"column":4},"end":{"line":223,"column":39}},"97":{"start":{"line":227,"column":4},"end":{"line":229,"column":5}},"98":{"start":{"line":228,"column":6},"end":{"line":228,"column":50}}},"fnMap":{"0":{"name":"(anonymous_0)","decl":{"start":{"line":4,"column":2},"end":{"line":4,"column":3}},"loc":{"start":{"line":4,"column":16},"end":{"line":15,"column":3}},"line":4},"1":{"name":"(anonymous_1)","decl":{"start":{"line":17,"column":2},"end":{"line":17,"column":3}},"loc":{"start":{"line":17,"column":23},"end":{"line":22,"column":3}},"line":17},"2":{"name":"(anonymous_2)","decl":{"start":{"line":29,"column":2},"end":{"line":29,"column":3}},"loc":{"start":{"line":29,"column":16},"end":{"line":64,"column":3}},"line":29},"3":{"name":"(anonymous_3)","decl":{"start":{"line":47,"column":45},"end":{"line":47,"column":46}},"loc":{"start":{"line":47,"column":56},"end":{"line":47,"column":82}},"line":47},"4":{"name":"(anonymous_4)","decl":{"start":{"line":48,"column":46},"end":{"line":48,"column":47}},"loc":{"start":{"line":48,"column":57},"end":{"line":48,"column":84}},"line":48},"5":{"name":"(anonymous_5)","decl":{"start":{"line":49,"column":46},"end":{"line":49,"column":47}},"loc":{"start":{"line":49,"column":57},"end":{"line":49,"column":84}},"line":49},"6":{"name":"(anonymous_6)","decl":{"start":{"line":57,"column":44},"end":{"line":57,"column":45}},"loc":{"start":{"line":57,"column":55},"end":{"line":57,"column":78}},"line":57},"7":{"name":"(anonymous_7)","decl":{"start":{"line":58,"column":44},"end":{"line":58,"column":45}},"loc":{"start":{"line":58,"column":55},"end":{"line":58,"column":78}},"line":58},"8":{"name":"(anonymous_8)","decl":{"start":{"line":59,"column":39},"end":{"line":59,"column":40}},"loc":{"start":{"line":59,"column":50},"end":{"line":59,"column":73}},"line":59},"9":{"name":"(anonymous_9)","decl":{"start":{"line":71,"column":2},"end":{"line":71,"column":3}},"loc":{"start":{"line":71,"column":29},"end":{"line":92,"column":3}},"line":71},"10":{"name":"(anonymous_10)","decl":{"start":{"line":99,"column":2},"end":{"line":99,"column":3}},"loc":{"start":{"line":99,"column":33},"end":{"line":101,"column":3}},"line":99},"11":{"name":"(anonymous_11)","decl":{"start":{"line":108,"column":2},"end":{"line":108,"column":3}},"loc":{"start":{"line":108,"column":33},"end":{"line":110,"column":3}},"line":108},"12":{"name":"(anonymous_12)","decl":{"start":{"line":117,"column":2},"end":{"line":117,"column":3}},"loc":{"start":{"line":117,"column":33},"end":{"line":119,"column":3}},"line":117},"13":{"name":"(anonymous_13)","decl":{"start":{"line":126,"column":2},"end":{"line":126,"column":3}},"loc":{"start":{"line":126,"column":31},"end":{"line":128,"column":3}},"line":126},"14":{"name":"(anonymous_14)","decl":{"start":{"line":135,"column":2},"end":{"line":135,"column":3}},"loc":{"start":{"line":135,"column":32},"end":{"line":137,"column":3}},"line":135},"15":{"name":"(anonymous_15)","decl":{"start":{"line":144,"column":2},"end":{"line":144,"column":3}},"loc":{"start":{"line":144,"column":32},"end":{"line":146,"column":3}},"line":144},"16":{"name":"(anonymous_16)","decl":{"start":{"line":148,"column":2},"end":{"line":148,"column":3}},"loc":{"start":{"line":148,"column":21},"end":{"line":152,"column":3}},"line":148},"17":{"name":"(anonymous_17)","decl":{"start":{"line":151,"column":36},"end":{"line":151,"column":37}},"loc":{"start":{"line":151,"column":43},"end":{"line":151,"column":62}},"line":151},"18":{"name":"(anonymous_18)","decl":{"start":{"line":154,"column":2},"end":{"line":154,"column":3}},"loc":{"start":{"line":154,"column":21},"end":{"line":158,"column":3}},"line":154},"19":{"name":"(anonymous_19)","decl":{"start":{"line":157,"column":36},"end":{"line":157,"column":37}},"loc":{"start":{"line":157,"column":43},"end":{"line":157,"column":62}},"line":157},"20":{"name":"(anonymous_20)","decl":{"start":{"line":160,"column":2},"end":{"line":160,"column":3}},"loc":{"start":{"line":160,"column":21},"end":{"line":163,"column":3}},"line":160},"21":{"name":"(anonymous_21)","decl":{"start":{"line":162,"column":36},"end":{"line":162,"column":37}},"loc":{"start":{"line":162,"column":43},"end":{"line":162,"column":62}},"line":162},"22":{"name":"(anonymous_22)","decl":{"start":{"line":165,"column":2},"end":{"line":165,"column":3}},"loc":{"start":{"line":165,"column":24},"end":{"line":168,"column":3}},"line":165},"23":{"name":"(anonymous_23)","decl":{"start":{"line":167,"column":34},"end":{"line":167,"column":35}},"loc":{"start":{"line":167,"column":41},"end":{"line":167,"column":53}},"line":167},"24":{"name":"(anonymous_24)","decl":{"start":{"line":170,"column":2},"end":{"line":170,"column":3}},"loc":{"start":{"line":170,"column":25},"end":{"line":173,"column":3}},"line":170},"25":{"name":"(anonymous_25)","decl":{"start":{"line":172,"column":35},"end":{"line":172,"column":36}},"loc":{"start":{"line":172,"column":42},"end":{"line":172,"column":54}},"line":172},"26":{"name":"(anonymous_26)","decl":{"start":{"line":175,"column":2},"end":{"line":175,"column":3}},"loc":{"start":{"line":175,"column":25},"end":{"line":178,"column":3}},"line":175},"27":{"name":"(anonymous_27)","decl":{"start":{"line":177,"column":35},"end":{"line":177,"column":36}},"loc":{"start":{"line":177,"column":42},"end":{"line":177,"column":54}},"line":177},"28":{"name":"(anonymous_28)","decl":{"start":{"line":180,"column":2},"end":{"line":180,"column":3}},"loc":{"start":{"line":180,"column":28},"end":{"line":182,"column":3}},"line":180},"29":{"name":"(anonymous_29)","decl":{"start":{"line":184,"column":2},"end":{"line":184,"column":3}},"loc":{"start":{"line":184,"column":30},"end":{"line":186,"column":3}},"line":184},"30":{"name":"(anonymous_30)","decl":{"start":{"line":188,"column":2},"end":{"line":188,"column":3}},"loc":{"start":{"line":188,"column":38},"end":{"line":191,"column":3}},"line":188},"31":{"name":"(anonymous_31)","decl":{"start":{"line":193,"column":2},"end":{"line":193,"column":3}},"loc":{"start":{"line":193,"column":22},"end":{"line":197,"column":3}},"line":193},"32":{"name":"(anonymous_32)","decl":{"start":{"line":196,"column":14},"end":{"line":196,"column":15}},"loc":{"start":{"line":196,"column":21},"end":{"line":196,"column":45}},"line":196},"33":{"name":"(anonymous_33)","decl":{"start":{"line":199,"column":2},"end":{"line":199,"column":3}},"loc":{"start":{"line":199,"column":34},"end":{"line":201,"column":3}},"line":199},"34":{"name":"(anonymous_34)","decl":{"start":{"line":203,"column":2},"end":{"line":203,"column":3}},"loc":{"start":{"line":203,"column":25},"end":{"line":205,"column":3}},"line":203},"35":{"name":"(anonymous_35)","decl":{"start":{"line":207,"column":2},"end":{"line":207,"column":3}},"loc":{"start":{"line":207,"column":28},"end":{"line":220,"column":3}},"line":207},"36":{"name":"(anonymous_36)","decl":{"start":{"line":208,"column":23},"end":{"line":208,"column":24}},"loc":{"start":{"line":208,"column":36},"end":{"line":219,"column":5}},"line":208},"37":{"name":"(anonymous_37)","decl":{"start":{"line":215,"column":48},"end":{"line":215,"column":49}},"loc":{"start":{"line":215,"column":54},"end":{"line":218,"column":7}},"line":215},"38":{"name":"(anonymous_38)","decl":{"start":{"line":222,"column":2},"end":{"line":222,"column":3}},"loc":{"start":{"line":222,"column":20},"end":{"line":224,"column":3}},"line":222},"39":{"name":"(anonymous_39)","decl":{"start":{"line":226,"column":2},"end":{"line":226,"column":3}},"loc":{"start":{"line":226,"column":17},"end":{"line":230,"column":3}},"line":226}},"branchMap":{"0":{"loc":{"start":{"line":18,"column":4},"end":{"line":20,"column":5}},"type":"if","locations":[{"start":{"line":18,"column":4},"end":{"line":20,"column":5}},{"start":{},"end":{}}],"line":18},"1":{"loc":{"start":{"line":188,"column":20},"end":{"line":188,"column":36}},"type":"default-arg","locations":[{"start":{"line":188,"column":28},"end":{"line":188,"column":36}}],"line":188},"2":{"loc":{"start":{"line":227,"column":4},"end":{"line":229,"column":5}},"type":"if","locations":[{"start":{"line":227,"column":4},"end":{"line":229,"column":5}},{"start":{},"end":{}}],"line":227}},"s":{"0":0,"1":0,"2":0,"3":0,"4":0,"5":0,"6":0,"7":0,"8":0,"9":0,"10":0,"11":0,"12":0,"13":0,"14":0,"15":0,"16":0,"17":0,"18":0,"19":0,"20":0,"21":0,"22":0,"23":0,"24":0,"25":0,"26":0,"27":0,"28":0,"29":0,"30":0,"31":0,"32":0,"33":0,"34":0,"35":0,"36":0,"37":0,"38":0,"39":0,"40":0,"41":0,"42":0,"43":0,"44":0,"45":0,"46":0,"47":0,"48":0,"49":0,"50":0,"51":0,"52":0,"53":0,"54":0,"55":0,"56":0,"57":0,"58":0,"59":0,"60":0,"61":0,"62":0,"63":0,"64":0,"65":0,"66":0,"67":0,"68":0,"69":0,"70":0,"71":0,"72":0,"73":0,"74":0,"75":0,"76":0,"77":0,"78":0,"79":0,"80":0,"81":0,"82":0,"83":0,"84":0,"85":0,"86":0,"87":0,"88":0,"89":0,"90":0,"91":0,"92":0,"93":0,"94":0,"95":0,"96":0,"97":0,"98":0},"f":{"0":0,"1":0,"2":0,"3":0,"4":0,"5":0,"6":0,"7":0,"8":0,"9":0,"10":0,"11":0,"12":0,"13":0,"14":0,"15":0,"16":0,"17":0,"18":0,"19":0,"20":0,"21":0,"22":0,"23":0,"24":0,"25":0,"26":0,"27":0,"28":0,"29":0,"30":0,"31":0,"32":0,"33":0,"34":0,"35":0,"36":0,"37":0,"38":0,"39":0},"b":{"0":[0,0],"1":[0],"2":[0,0]},"_coverageSchema":"1a1c01bbd47fc00a2c39e90264f33305004495a9","hash":"65ebc059e121fafe480aafad04c2206bd62296e7"}
,"D:\\Web\\Netology\\ajs\\js-advanced-diploma\\src\\js\\GameState.js": {"path":"D:\\Web\\Netology\\ajs\\js-advanced-diploma\\src\\js\\GameState.js","statementMap":{"0":{"start":{"line":4,"column":4},"end":{"line":4,"column":36}},"1":{"start":{"line":5,"column":4},"end":{"line":5,"column":16}},"2":{"start":{"line":10,"column":4},"end":{"line":10,"column":27}}},"fnMap":{"0":{"name":"(anonymous_0)","decl":{"start":{"line":2,"column":2},"end":{"line":2,"column":3}},"loc":{"start":{"line":2,"column":22},"end":{"line":6,"column":3}},"line":2},"1":{"name":"(anonymous_1)","decl":{"start":{"line":8,"column":2},"end":{"line":8,"column":3}},"loc":{"start":{"line":8,"column":19},"end":{"line":11,"column":3}},"line":8}},"branchMap":{},"s":{"0":0,"1":0,"2":0},"f":{"0":0,"1":0},"b":{},"_coverageSchema":"1a1c01bbd47fc00a2c39e90264f33305004495a9","hash":"87c4eeef5bcfc724d34e8baf4a99cb711af97642"}
,"D:\\Web\\Netology\\ajs\\js-advanced-diploma\\src\\js\\GameStateService.js": {"path":"D:\\Web\\Netology\\ajs\\js-advanced-diploma\\src\\js\\GameStateService.js","statementMap":{"0":{"start":{"line":3,"column":4},"end":{"line":3,"column":27}},"1":{"start":{"line":7,"column":4},"end":{"line":7,"column":57}},"2":{"start":{"line":11,"column":4},"end":{"line":15,"column":5}},"3":{"start":{"line":12,"column":6},"end":{"line":12,"column":55}},"4":{"start":{"line":14,"column":6},"end":{"line":14,"column":39}}},"fnMap":{"0":{"name":"(anonymous_0)","decl":{"start":{"line":2,"column":2},"end":{"line":2,"column":3}},"loc":{"start":{"line":2,"column":23},"end":{"line":4,"column":3}},"line":2},"1":{"name":"(anonymous_1)","decl":{"start":{"line":6,"column":2},"end":{"line":6,"column":3}},"loc":{"start":{"line":6,"column":14},"end":{"line":8,"column":3}},"line":6},"2":{"name":"(anonymous_2)","decl":{"start":{"line":10,"column":2},"end":{"line":10,"column":3}},"loc":{"start":{"line":10,"column":9},"end":{"line":16,"column":3}},"line":10}},"branchMap":{},"s":{"0":0,"1":0,"2":0,"3":0,"4":0},"f":{"0":0,"1":0,"2":0},"b":{},"_coverageSchema":"1a1c01bbd47fc00a2c39e90264f33305004495a9","hash":"082242823df815732169265d09bb25d98c8734cd"}
,"D:\\Web\\Netology\\ajs\\js-advanced-diploma\\src\\js\\PositionedCharacter.js": {"path":"D:\\Web\\Netology\\ajs\\js-advanced-diploma\\src\\js\\PositionedCharacter.js","statementMap":{"0":{"start":{"line":5,"column":4},"end":{"line":7,"column":5}},"1":{"start":{"line":6,"column":6},"end":{"line":6,"column":81}},"2":{"start":{"line":9,"column":4},"end":{"line":11,"column":5}},"3":{"start":{"line":10,"column":6},"end":{"line":10,"column":51}},"4":{"start":{"line":13,"column":4},"end":{"line":13,"column":31}},"5":{"start":{"line":14,"column":4},"end":{"line":14,"column":29}}},"fnMap":{"0":{"name":"(anonymous_0)","decl":{"start":{"line":4,"column":2},"end":{"line":4,"column":3}},"loc":{"start":{"line":4,"column":35},"end":{"line":15,"column":3}},"line":4}},"branchMap":{"0":{"loc":{"start":{"line":5,"column":4},"end":{"line":7,"column":5}},"type":"if","locations":[{"start":{"line":5,"column":4},"end":{"line":7,"column":5}},{"start":{},"end":{}}],"line":5},"1":{"loc":{"start":{"line":9,"column":4},"end":{"line":11,"column":5}},"type":"if","locations":[{"start":{"line":9,"column":4},"end":{"line":11,"column":5}},{"start":{},"end":{}}],"line":9}},"s":{"0":0,"1":0,"2":0,"3":0,"4":0,"5":0},"f":{"0":0},"b":{"0":[0,0],"1":[0,0]},"_coverageSchema":"1a1c01bbd47fc00a2c39e90264f33305004495a9","hash":"ee79d3a8bc13fbd5a3b9f1ea3a69a8c493308d7f"}
,"D:\\Web\\Netology\\ajs\\js-advanced-diploma\\src\\js\\Team.js": {"path":"D:\\Web\\Netology\\ajs\\js-advanced-diploma\\src\\js\\Team.js","statementMap":{"0":{"start":{"line":17,"column":4},"end":{"line":21,"column":5}},"1":{"start":{"line":18,"column":6},"end":{"line":18,"column":41}},"2":{"start":{"line":20,"column":6},"end":{"line":20,"column":29}}},"fnMap":{"0":{"name":"(anonymous_0)","decl":{"start":{"line":16,"column":2},"end":{"line":16,"column":3}},"loc":{"start":{"line":16,"column":20},"end":{"line":22,"column":3}},"line":16}},"branchMap":{},"s":{"0":1,"1":1,"2":0},"f":{"0":1},"b":{},"_coverageSchema":"1a1c01bbd47fc00a2c39e90264f33305004495a9","hash":"9dc46e2118c5ea527cfdeb074f305c773a0ca6c0"}
,"D:\\Web\\Netology\\ajs\\js-advanced-diploma\\src\\js\\cursors.js": {"path":"D:\\Web\\Netology\\ajs\\js-advanced-diploma\\src\\js\\cursors.js","statementMap":{"0":{"start":{"line":1,"column":16},"end":{"line":6,"column":1}}},"fnMap":{},"branchMap":{},"s":{"0":2},"f":{},"b":{},"_coverageSchema":"1a1c01bbd47fc00a2c39e90264f33305004495a9","hash":"3ec8ec68815253e632fa10863049918d54f2c6dd"}
,"D:\\Web\\Netology\\ajs\\js-advanced-diploma\\src\\js\\generators.js": {"path":"D:\\Web\\Netology\\ajs\\js-advanced-diploma\\src\\js\\generators.js","statementMap":{"0":{"start":{"line":14,"column":26},"end":{"line":14,"column":76}},"1":{"start":{"line":15,"column":22},"end":{"line":15,"column":57}},"2":{"start":{"line":16,"column":2},"end":{"line":16,"column":55}},"3":{"start":{"line":17,"column":2},"end":{"line":17,"column":52}},"4":{"start":{"line":29,"column":16},"end":{"line":29,"column":18}},"5":{"start":{"line":30,"column":26},"end":{"line":30,"column":68}},"6":{"start":{"line":32,"column":2},"end":{"line":34,"column":3}},"7":{"start":{"line":32,"column":19},"end":{"line":32,"column":20}},"8":{"start":{"line":33,"column":4},"end":{"line":33,"column":45}},"9":{"start":{"line":35,"column":2},"end":{"line":35,"column":25}}},"fnMap":{"0":{"name":"characterGenerator","decl":{"start":{"line":12,"column":17},"end":{"line":12,"column":35}},"loc":{"start":{"line":12,"column":60},"end":{"line":18,"column":1}},"line":12},"1":{"name":"generateTeam","decl":{"start":{"line":27,"column":16},"end":{"line":27,"column":28}},"loc":{"start":{"line":27,"column":69},"end":{"line":36,"column":1}},"line":27}},"branchMap":{},"s":{"0":16,"1":16,"2":16,"3":14,"4":1,"5":1,"6":1,"7":1,"8":10,"9":1},"f":{"0":16,"1":1},"b":{},"_coverageSchema":"1a1c01bbd47fc00a2c39e90264f33305004495a9","hash":"e8335d10d503505b9195c8f2848fcb0414458179"}
,"D:\\Web\\Netology\\ajs\\js-advanced-diploma\\src\\js\\themes.js": {"path":"D:\\Web\\Netology\\ajs\\js-advanced-diploma\\src\\js\\themes.js","statementMap":{"0":{"start":{"line":1,"column":15},"end":{"line":6,"column":1}}},"fnMap":{},"branchMap":{},"s":{"0":2},"f":{},"b":{},"_coverageSchema":"1a1c01bbd47fc00a2c39e90264f33305004495a9","hash":"b68dca5870d3eecafc3130353415f42873785d25"}
,"D:\\Web\\Netology\\ajs\\js-advanced-diploma\\src\\js\\utils.js": {"path":"D:\\Web\\Netology\\ajs\\js-advanced-diploma\\src\\js\\utils.js","statementMap":{"0":{"start":{"line":31,"column":2},"end":{"line":33,"column":3}},"1":{"start":{"line":32,"column":4},"end":{"line":32,"column":22}},"2":{"start":{"line":34,"column":2},"end":{"line":36,"column":3}},"3":{"start":{"line":35,"column":4},"end":{"line":35,"column":23}},"4":{"start":{"line":37,"column":2},"end":{"line":39,"column":3}},"5":{"start":{"line":38,"column":4},"end":{"line":38,"column":25}},"6":{"start":{"line":40,"column":2},"end":{"line":42,"column":3}},"7":{"start":{"line":41,"column":4},"end":{"line":41,"column":26}},"8":{"start":{"line":43,"column":2},"end":{"line":45,"column":3}},"9":{"start":{"line":44,"column":4},"end":{"line":44,"column":18}},"10":{"start":{"line":46,"column":2},"end":{"line":48,"column":3}},"11":{"start":{"line":47,"column":4},"end":{"line":47,"column":19}},"12":{"start":{"line":49,"column":2},"end":{"line":51,"column":3}},"13":{"start":{"line":50,"column":4},"end":{"line":50,"column":17}},"14":{"start":{"line":52,"column":2},"end":{"line":54,"column":3}},"15":{"start":{"line":53,"column":4},"end":{"line":53,"column":20}},"16":{"start":{"line":56,"column":2},"end":{"line":56,"column":18}},"17":{"start":{"line":60,"column":2},"end":{"line":62,"column":3}},"18":{"start":{"line":61,"column":4},"end":{"line":61,"column":22}},"19":{"start":{"line":64,"column":2},"end":{"line":66,"column":3}},"20":{"start":{"line":65,"column":4},"end":{"line":65,"column":20}},"21":{"start":{"line":68,"column":2},"end":{"line":68,"column":16}}},"fnMap":{"0":{"name":"calcTileType","decl":{"start":{"line":25,"column":16},"end":{"line":25,"column":28}},"loc":{"start":{"line":25,"column":47},"end":{"line":57,"column":1}},"line":25},"1":{"name":"calcHealthLevel","decl":{"start":{"line":59,"column":16},"end":{"line":59,"column":31}},"loc":{"start":{"line":59,"column":40},"end":{"line":69,"column":1}},"line":59}},"branchMap":{"0":{"loc":{"start":{"line":31,"column":2},"end":{"line":33,"column":3}},"type":"if","locations":[{"start":{"line":31,"column":2},"end":{"line":33,"column":3}},{"start":{},"end":{}}],"line":31},"1":{"loc":{"start":{"line":34,"column":2},"end":{"line":36,"column":3}},"type":"if","locations":[{"start":{"line":34,"column":2},"end":{"line":36,"column":3}},{"start":{},"end":{}}],"line":34},"2":{"loc":{"start":{"line":37,"column":2},"end":{"line":39,"column":3}},"type":"if","locations":[{"start":{"line":37,"column":2},"end":{"line":39,"column":3}},{"start":{},"end":{}}],"line":37},"3":{"loc":{"start":{"line":40,"column":2},"end":{"line":42,"column":3}},"type":"if","locations":[{"start":{"line":40,"column":2},"end":{"line":42,"column":3}},{"start":{},"end":{}}],"line":40},"4":{"loc":{"start":{"line":43,"column":2},"end":{"line":45,"column":3}},"type":"if","locations":[{"start":{"line":43,"column":2},"end":{"line":45,"column":3}},{"start":{},"end":{}}],"line":43},"5":{"loc":{"start":{"line":46,"column":2},"end":{"line":48,"column":3}},"type":"if","locations":[{"start":{"line":46,"column":2},"end":{"line":48,"column":3}},{"start":{},"end":{}}],"line":46},"6":{"loc":{"start":{"line":49,"column":2},"end":{"line":51,"column":3}},"type":"if","locations":[{"start":{"line":49,"column":2},"end":{"line":51,"column":3}},{"start":{},"end":{}}],"line":49},"7":{"loc":{"start":{"line":52,"column":2},"end":{"line":54,"column":3}},"type":"if","locations":[{"start":{"line":52,"column":2},"end":{"line":54,"column":3}},{"start":{},"end":{}}],"line":52},"8":{"loc":{"start":{"line":60,"column":2},"end":{"line":62,"column":3}},"type":"if","locations":[{"start":{"line":60,"column":2},"end":{"line":62,"column":3}},{"start":{},"end":{}}],"line":60},"9":{"loc":{"start":{"line":64,"column":2},"end":{"line":66,"column":3}},"type":"if","locations":[{"start":{"line":64,"column":2},"end":{"line":66,"column":3}},{"start":{},"end":{}}],"line":64}},"s":{"0":9,"1":1,"2":8,"3":1,"4":7,"5":1,"6":6,"7":1,"8":5,"9":1,"10":4,"11":1,"12":3,"13":1,"14":2,"15":1,"16":1,"17":0,"18":0,"19":0,"20":0,"21":0},"f":{"0":9,"1":0},"b":{"0":[1,8],"1":[1,7],"2":[1,6],"3":[1,5],"4":[1,4],"5":[1,3],"6":[1,2],"7":[1,1],"8":[0,0],"9":[0,0]},"_coverageSchema":"1a1c01bbd47fc00a2c39e90264f33305004495a9","hash":"e35e8b41901565bd24a31b9eeac78d5454e3554a"}
,"D:\\Web\\Netology\\ajs\\js-advanced-diploma\\src\\js\\characters\\Bowman.js": {"path":"D:\\Web\\Netology\\ajs\\js-advanced-diploma\\src\\js\\characters\\Bowman.js","statementMap":{"0":{"start":{"line":5,"column":4},"end":{"line":5,"column":17}},"1":{"start":{"line":6,"column":4},"end":{"line":6,"column":25}},"2":{"start":{"line":7,"column":4},"end":{"line":7,"column":21}},"3":{"start":{"line":8,"column":4},"end":{"line":8,"column":22}}},"fnMap":{"0":{"name":"(anonymous_0)","decl":{"start":{"line":4,"column":2},"end":{"line":4,"column":3}},"loc":{"start":{"line":4,"column":21},"end":{"line":9,"column":3}},"line":4}},"branchMap":{},"s":{"0":13,"1":13,"2":13,"3":13},"f":{"0":13},"b":{},"_coverageSchema":"1a1c01bbd47fc00a2c39e90264f33305004495a9","hash":"a9e83ea26471ca65db55f258f79d07e900818496"}
,"D:\\Web\\Netology\\ajs\\js-advanced-diploma\\src\\js\\characters\\Daemon.js": {"path":"D:\\Web\\Netology\\ajs\\js-advanced-diploma\\src\\js\\characters\\Daemon.js","statementMap":{"0":{"start":{"line":5,"column":4},"end":{"line":5,"column":17}},"1":{"start":{"line":6,"column":4},"end":{"line":6,"column":25}},"2":{"start":{"line":7,"column":4},"end":{"line":7,"column":21}},"3":{"start":{"line":8,"column":4},"end":{"line":8,"column":22}}},"fnMap":{"0":{"name":"(anonymous_0)","decl":{"start":{"line":4,"column":2},"end":{"line":4,"column":3}},"loc":{"start":{"line":4,"column":21},"end":{"line":9,"column":3}},"line":4}},"branchMap":{},"s":{"0":0,"1":0,"2":0,"3":0},"f":{"0":0},"b":{},"_coverageSchema":"1a1c01bbd47fc00a2c39e90264f33305004495a9","hash":"ec251e120329381f617a846b2306ca003c24ee7d"}
,"D:\\Web\\Netology\\ajs\\js-advanced-diploma\\src\\js\\characters\\Magician.js": {"path":"D:\\Web\\Netology\\ajs\\js-advanced-diploma\\src\\js\\characters\\Magician.js","statementMap":{"0":{"start":{"line":5,"column":4},"end":{"line":5,"column":17}},"1":{"start":{"line":6,"column":4},"end":{"line":6,"column":27}},"2":{"start":{"line":7,"column":4},"end":{"line":7,"column":21}},"3":{"start":{"line":8,"column":4},"end":{"line":8,"column":22}}},"fnMap":{"0":{"name":"(anonymous_0)","decl":{"start":{"line":4,"column":2},"end":{"line":4,"column":3}},"loc":{"start":{"line":4,"column":21},"end":{"line":9,"column":3}},"line":4}},"branchMap":{},"s":{"0":2,"1":2,"2":2,"3":2},"f":{"0":2},"b":{},"_coverageSchema":"1a1c01bbd47fc00a2c39e90264f33305004495a9","hash":"247f6e90bb43078dce21111a36c7fc218d62f522"}
,"D:\\Web\\Netology\\ajs\\js-advanced-diploma\\src\\js\\characters\\Swordsman.js": {"path":"D:\\Web\\Netology\\ajs\\js-advanced-diploma\\src\\js\\characters\\Swordsman.js","statementMap":{"0":{"start":{"line":5,"column":4},"end":{"line":5,"column":17}},"1":{"start":{"line":6,"column":4},"end":{"line":6,"column":28}},"2":{"start":{"line":7,"column":4},"end":{"line":7,"column":21}},"3":{"start":{"line":8,"column":4},"end":{"line":8,"column":22}}},"fnMap":{"0":{"name":"(anonymous_0)","decl":{"start":{"line":4,"column":2},"end":{"line":4,"column":3}},"loc":{"start":{"line":4,"column":21},"end":{"line":9,"column":3}},"line":4}},"branchMap":{},"s":{"0":3,"1":3,"2":3,"3":3},"f":{"0":3},"b":{},"_coverageSchema":"1a1c01bbd47fc00a2c39e90264f33305004495a9","hash":"7aacb45882de1f2bd4965ab8b52561e40331c6cb"}
,"D:\\Web\\Netology\\ajs\\js-advanced-diploma\\src\\js\\characters\\Undead.js": {"path":"D:\\Web\\Netology\\ajs\\js-advanced-diploma\\src\\js\\characters\\Undead.js","statementMap":{"0":{"start":{"line":5,"column":4},"end":{"line":5,"column":17}},"1":{"start":{"line":6,"column":4},"end":{"line":6,"column":25}},"2":{"start":{"line":7,"column":4},"end":{"line":7,"column":21}},"3":{"start":{"line":8,"column":4},"end":{"line":8,"column":22}}},"fnMap":{"0":{"name":"(anonymous_0)","decl":{"start":{"line":4,"column":2},"end":{"line":4,"column":3}},"loc":{"start":{"line":4,"column":21},"end":{"line":9,"column":3}},"line":4}},"branchMap":{},"s":{"0":0,"1":0,"2":0,"3":0},"f":{"0":0},"b":{},"_coverageSchema":"1a1c01bbd47fc00a2c39e90264f33305004495a9","hash":"bba49933d0e02cc60c827e556773086baff51d0d"}
,"D:\\Web\\Netology\\ajs\\js-advanced-diploma\\src\\js\\characters\\Vampire.js": {"path":"D:\\Web\\Netology\\ajs\\js-advanced-diploma\\src\\js\\characters\\Vampire.js","statementMap":{"0":{"start":{"line":5,"column":4},"end":{"line":5,"column":17}},"1":{"start":{"line":6,"column":4},"end":{"line":6,"column":26}},"2":{"start":{"line":7,"column":4},"end":{"line":7,"column":21}},"3":{"start":{"line":8,"column":4},"end":{"line":8,"column":22}}},"fnMap":{"0":{"name":"(anonymous_0)","decl":{"start":{"line":4,"column":2},"end":{"line":4,"column":3}},"loc":{"start":{"line":4,"column":21},"end":{"line":9,"column":3}},"line":4}},"branchMap":{},"s":{"0":0,"1":0,"2":0,"3":0},"f":{"0":0},"b":{},"_coverageSchema":"1a1c01bbd47fc00a2c39e90264f33305004495a9","hash":"fad074f582edfd3fd2e3684926c08b899b95c7f0"}
}
