TN:
SF:src\js\Character.js
FN:16,(anonymous_0)
FNF:1
FNH:1
FNDA:18,(anonymous_0)
DA:17,18
DA:18,18
DA:19,18
DA:20,18
DA:21,18
DA:23,18
DA:24,0
LF:7
LH:6
BRDA:16,0,0,18
BRDA:23,1,0,0
BRDA:23,1,1,18
BRF:3
BRH:2
end_of_record
TN:
SF:src\js\GameController.js
FN:37,createAllowedPositions
FN:46,myTag
FN:49,renewAllPlayers
FN:53,checkCell
FN:54,(anonymous_4)
FN:56,selectPlayer
FN:72,selectRival
FN:81,movePlayer
FN:84,(anonymous_8)
FN:93,playerAttack
FN:98,(anonymous_10)
FN:102,(anonymous_11)
FN:106,getMoveRange
FN:118,getAttackRange
FN:130,moveCheck
FN:141,rivalMoveCheck
FN:153,attackCheck
FN:169,rivalAttackCheck
FN:183,transition
FN:189,getRandomRival
FN:192,removeDead
FN:193,(anonymous_21)
FN:195,(anonymous_22)
FN:200,(anonymous_23)
FN:213,levelUp
FN:214,(anonymous_25)
FN:227,arrayFromObj
FN:231,nextTheme
FN:239,nextLevel
FN:244,refreshBoard
FN:248,doRandomMove
FN:250,(anonymous_31)
FN:257,(anonymous_32)
FN:260,(anonymous_33)
FN:266,(anonymous_34)
FN:273,AIMove
FN:280,playerMove
FN:289,saveGame
FN:352,gameOver
FN:357,moveTransition
FN:369,(anonymous_40)
FN:374,(anonymous_41)
FN:446,(anonymous_42)
FN:451,(anonymous_43)
FN:458,(anonymous_44)
FN:463,(anonymous_45)
FN:470,(anonymous_46)
FN:476,attackCellsCheck
FN:488,moveCellsCheck
FN:517,(anonymous_49)
FNF:50
FNH:2
FNDA:0,createAllowedPositions
FNDA:0,myTag
FNDA:0,renewAllPlayers
FNDA:0,checkCell
FNDA:0,(anonymous_4)
FNDA:0,selectPlayer
FNDA:0,selectRival
FNDA:0,movePlayer
FNDA:0,(anonymous_8)
FNDA:0,playerAttack
FNDA:0,(anonymous_10)
FNDA:0,(anonymous_11)
FNDA:0,getMoveRange
FNDA:0,getAttackRange
FNDA:1,moveCheck
FNDA:0,rivalMoveCheck
FNDA:1,attackCheck
FNDA:0,rivalAttackCheck
FNDA:0,transition
FNDA:0,getRandomRival
FNDA:0,removeDead
FNDA:0,(anonymous_21)
FNDA:0,(anonymous_22)
FNDA:0,(anonymous_23)
FNDA:0,levelUp
FNDA:0,(anonymous_25)
FNDA:0,arrayFromObj
FNDA:0,nextTheme
FNDA:0,nextLevel
FNDA:0,refreshBoard
FNDA:0,doRandomMove
FNDA:0,(anonymous_31)
FNDA:0,(anonymous_32)
FNDA:0,(anonymous_33)
FNDA:0,(anonymous_34)
FNDA:0,AIMove
FNDA:0,playerMove
FNDA:0,saveGame
FNDA:0,gameOver
FNDA:0,moveTransition
FNDA:0,(anonymous_40)
FNDA:0,(anonymous_41)
FNDA:0,(anonymous_42)
FNDA:0,(anonymous_43)
FNDA:0,(anonymous_44)
FNDA:0,(anonymous_45)
FNDA:0,(anonymous_46)
FNDA:0,attackCellsCheck
FNDA:0,moveCellsCheck
FNDA:0,(anonymous_49)
DA:14,2
DA:15,2
DA:17,2
DA:18,2
DA:20,2
DA:21,2
DA:23,2
DA:24,2
DA:33,2
DA:34,2
DA:35,2
DA:38,0
DA:39,0
DA:40,0
DA:42,0
DA:47,0
DA:50,0
DA:54,0
DA:57,0
DA:58,0
DA:59,0
DA:60,0
DA:62,0
DA:63,0
DA:64,0
DA:66,0
DA:67,0
DA:68,0
DA:73,0
DA:74,0
DA:75,0
DA:76,0
DA:79,0
DA:82,0
DA:83,0
DA:84,0
DA:85,0
DA:86,0
DA:87,0
DA:88,0
DA:90,0
DA:94,0
DA:95,0
DA:96,0
DA:97,0
DA:98,0
DA:99,0
DA:100,0
DA:101,0
DA:102,0
DA:107,0
DA:110,0
DA:113,0
DA:115,0
DA:119,0
DA:122,0
DA:125,0
DA:127,0
DA:131,1
DA:132,1
DA:136,1
DA:139,0
DA:142,0
DA:143,0
DA:144,0
DA:145,0
DA:146,0
DA:147,0
DA:148,0
DA:149,0
DA:151,0
DA:154,1
DA:155,2
DA:156,2
DA:157,2
DA:158,6
DA:163,1
DA:167,0
DA:170,0
DA:171,0
DA:172,0
DA:173,0
DA:174,0
DA:175,0
DA:176,0
DA:177,0
DA:178,0
DA:181,0
DA:184,0
DA:185,0
DA:187,0
DA:190,0
DA:193,0
DA:194,0
DA:195,0
DA:196,0
DA:197,0
DA:198,0
DA:200,0
DA:201,0
DA:203,0
DA:206,0
DA:207,0
DA:208,0
DA:209,0
DA:210,0
DA:214,0
DA:215,0
DA:216,0
DA:218,0
DA:220,0
DA:221,0
DA:223,0
DA:224,0
DA:228,0
DA:229,0
DA:232,0
DA:233,0
DA:234,0
DA:236,0
DA:237,0
DA:240,0
DA:241,0
DA:242,0
DA:245,0
DA:246,0
DA:249,0
DA:250,0
DA:252,0
DA:253,0
DA:254,0
DA:255,0
DA:257,0
DA:258,0
DA:259,0
DA:260,0
DA:262,0
DA:263,0
DA:264,0
DA:265,0
DA:266,0
DA:267,0
DA:268,0
DA:269,0
DA:274,0
DA:275,0
DA:276,0
DA:277,0
DA:281,0
DA:282,0
DA:283,0
DA:284,0
DA:286,0
DA:290,0
DA:300,0
DA:310,0
DA:320,0
DA:330,0
DA:341,0
DA:343,0
DA:345,0
DA:346,0
DA:347,0
DA:349,0
DA:353,0
DA:354,0
DA:355,0
DA:358,0
DA:359,0
DA:360,0
DA:362,0
DA:363,0
DA:364,0
DA:365,0
DA:370,0
DA:371,0
DA:378,0
DA:379,0
DA:380,0
DA:382,0
DA:383,0
DA:384,0
DA:386,0
DA:387,0
DA:389,0
DA:390,0
DA:392,0
DA:393,0
DA:397,0
DA:398,0
DA:404,0
DA:410,0
DA:416,0
DA:424,0
DA:426,0
DA:429,0
DA:432,0
DA:435,0
DA:438,0
DA:441,0
DA:448,0
DA:453,0
DA:454,0
DA:455,0
DA:460,0
DA:465,0
DA:466,0
DA:467,0
DA:472,0
DA:473,0
DA:474,0
DA:477,0
DA:478,0
DA:479,0
DA:480,0
DA:481,0
DA:484,0
DA:489,0
DA:490,0
DA:491,0
DA:492,0
DA:493,0
DA:496,0
DA:500,0
DA:501,0
DA:502,0
DA:503,0
DA:504,0
DA:507,0
DA:509,0
DA:510,0
DA:511,0
DA:512,0
DA:513,0
DA:519,0
DA:520,0
DA:521,0
DA:522,0
LF:238
LH:20
BRDA:38,0,0,0
BRDA:38,0,1,0
BRDA:58,1,0,0
BRDA:58,1,1,0
BRDA:59,2,0,0
BRDA:59,2,1,0
BRDA:67,3,0,0
BRDA:67,3,1,0
BRDA:67,4,0,0
BRDA:67,4,1,0
BRDA:73,5,0,0
BRDA:73,5,1,0
BRDA:83,6,0,0
BRDA:83,6,1,0
BRDA:83,7,0,0
BRDA:83,7,1,0
BRDA:94,8,0,0
BRDA:94,8,1,0
BRDA:107,9,0,0
BRDA:107,9,1,0
BRDA:107,9,2,0
BRDA:107,9,3,0
BRDA:107,9,4,0
BRDA:119,10,0,0
BRDA:119,10,1,0
BRDA:119,10,2,0
BRDA:119,10,3,0
BRDA:119,10,4,0
BRDA:132,11,0,1
BRDA:132,11,1,0
BRDA:132,12,0,1
BRDA:132,12,1,1
BRDA:132,12,2,1
BRDA:132,12,3,0
BRDA:158,13,0,1
BRDA:158,13,1,5
BRDA:158,14,0,6
BRDA:158,14,1,6
BRDA:158,14,2,5
BRDA:158,14,3,5
BRDA:184,15,0,0
BRDA:184,15,1,0
BRDA:194,16,0,0
BRDA:194,16,1,0
BRDA:196,17,0,0
BRDA:196,17,1,0
BRDA:206,18,0,0
BRDA:206,18,1,0
BRDA:215,19,0,0
BRDA:215,19,1,0
BRDA:220,20,0,0
BRDA:220,20,1,0
BRDA:233,21,0,0
BRDA:233,21,1,0
BRDA:252,22,0,0
BRDA:252,22,1,0
BRDA:265,23,0,0
BRDA:265,23,1,0
BRDA:274,24,0,0
BRDA:274,24,1,0
BRDA:281,25,0,0
BRDA:281,25,1,0
BRDA:359,26,0,0
BRDA:359,26,1,0
BRDA:359,27,0,0
BRDA:359,27,1,0
BRDA:383,28,0,0
BRDA:383,28,1,0
BRDA:386,29,0,0
BRDA:386,29,1,0
BRDA:389,30,0,0
BRDA:389,30,1,0
BRDA:392,31,0,0
BRDA:392,31,1,0
BRDA:477,32,0,0
BRDA:477,32,1,0
BRDA:478,33,0,0
BRDA:478,33,1,0
BRDA:489,34,0,0
BRDA:489,34,1,0
BRDA:490,35,0,0
BRDA:490,35,1,0
BRDA:500,36,0,0
BRDA:500,36,1,0
BRDA:503,37,0,0
BRDA:503,37,1,0
BRDA:509,38,0,0
BRDA:509,38,1,0
BRDA:509,39,0,0
BRDA:509,39,1,0
BRDA:521,40,0,0
BRDA:521,40,1,0
BRF:92
BRH:10
end_of_record
TN:
SF:src\js\GamePlay.js
FN:4,(anonymous_0)
FN:17,(anonymous_1)
FN:29,(anonymous_2)
FN:47,(anonymous_3)
FN:48,(anonymous_4)
FN:49,(anonymous_5)
FN:57,(anonymous_6)
FN:58,(anonymous_7)
FN:59,(anonymous_8)
FN:71,(anonymous_9)
FN:99,(anonymous_10)
FN:108,(anonymous_11)
FN:117,(anonymous_12)
FN:126,(anonymous_13)
FN:135,(anonymous_14)
FN:144,(anonymous_15)
FN:148,(anonymous_16)
FN:151,(anonymous_17)
FN:154,(anonymous_18)
FN:157,(anonymous_19)
FN:160,(anonymous_20)
FN:162,(anonymous_21)
FN:165,(anonymous_22)
FN:167,(anonymous_23)
FN:170,(anonymous_24)
FN:172,(anonymous_25)
FN:175,(anonymous_26)
FN:177,(anonymous_27)
FN:180,(anonymous_28)
FN:184,(anonymous_29)
FN:188,(anonymous_30)
FN:193,(anonymous_31)
FN:196,(anonymous_32)
FN:199,(anonymous_33)
FN:203,(anonymous_34)
FN:207,(anonymous_35)
FN:208,(anonymous_36)
FN:215,(anonymous_37)
FN:222,(anonymous_38)
FN:226,(anonymous_39)
FNF:40
FNH:0
FNDA:0,(anonymous_0)
FNDA:0,(anonymous_1)
FNDA:0,(anonymous_2)
FNDA:0,(anonymous_3)
FNDA:0,(anonymous_4)
FNDA:0,(anonymous_5)
FNDA:0,(anonymous_6)
FNDA:0,(anonymous_7)
FNDA:0,(anonymous_8)
FNDA:0,(anonymous_9)
FNDA:0,(anonymous_10)
FNDA:0,(anonymous_11)
FNDA:0,(anonymous_12)
FNDA:0,(anonymous_13)
FNDA:0,(anonymous_14)
FNDA:0,(anonymous_15)
FNDA:0,(anonymous_16)
FNDA:0,(anonymous_17)
FNDA:0,(anonymous_18)
FNDA:0,(anonymous_19)
FNDA:0,(anonymous_20)
FNDA:0,(anonymous_21)
FNDA:0,(anonymous_22)
FNDA:0,(anonymous_23)
FNDA:0,(anonymous_24)
FNDA:0,(anonymous_25)
FNDA:0,(anonymous_26)
FNDA:0,(anonymous_27)
FNDA:0,(anonymous_28)
FNDA:0,(anonymous_29)
FNDA:0,(anonymous_30)
FNDA:0,(anonymous_31)
FNDA:0,(anonymous_32)
FNDA:0,(anonymous_33)
FNDA:0,(anonymous_34)
FNDA:0,(anonymous_35)
FNDA:0,(anonymous_36)
FNDA:0,(anonymous_37)
FNDA:0,(anonymous_38)
FNDA:0,(anonymous_39)
DA:5,0
DA:6,0
DA:7,0
DA:8,0
DA:9,0
DA:10,0
DA:11,0
DA:12,0
DA:13,0
DA:14,0
DA:18,0
DA:19,0
DA:21,0
DA:30,0
DA:32,0
DA:43,0
DA:44,0
DA:45,0
DA:47,0
DA:48,0
DA:49,0
DA:51,0
DA:53,0
DA:54,0
DA:55,0
DA:56,0
DA:57,0
DA:58,0
DA:59,0
DA:60,0
DA:63,0
DA:72,0
DA:73,0
DA:76,0
DA:77,0
DA:78,0
DA:79,0
DA:81,0
DA:82,0
DA:84,0
DA:85,0
DA:86,0
DA:87,0
DA:89,0
DA:90,0
DA:100,0
DA:109,0
DA:118,0
DA:127,0
DA:136,0
DA:145,0
DA:149,0
DA:150,0
DA:151,0
DA:155,0
DA:156,0
DA:157,0
DA:161,0
DA:162,0
DA:166,0
DA:167,0
DA:171,0
DA:172,0
DA:176,0
DA:177,0
DA:181,0
DA:185,0
DA:189,0
DA:190,0
DA:194,0
DA:195,0
DA:196,0
DA:200,0
DA:204,0
DA:208,0
DA:209,0
DA:210,0
DA:211,0
DA:212,0
DA:213,0
DA:215,0
DA:216,0
DA:217,0
DA:223,0
DA:227,0
DA:228,0
LF:86
LH:0
BRDA:18,0,0,0
BRDA:18,0,1,0
BRDA:188,1,0,0
BRDA:227,2,0,0
BRDA:227,2,1,0
BRF:5
BRH:0
end_of_record
TN:
SF:src\js\GameState.js
FN:2,(anonymous_0)
FN:8,(anonymous_1)
FNF:2
FNH:0
FNDA:0,(anonymous_0)
FNDA:0,(anonymous_1)
DA:4,0
DA:5,0
DA:10,0
LF:3
LH:0
BRF:0
BRH:0
end_of_record
TN:
SF:src\js\GameStateService.js
FN:2,(anonymous_0)
FN:6,(anonymous_1)
FN:10,(anonymous_2)
FNF:3
FNH:0
FNDA:0,(anonymous_0)
FNDA:0,(anonymous_1)
FNDA:0,(anonymous_2)
DA:3,0
DA:7,0
DA:11,0
DA:12,0
DA:14,0
LF:5
LH:0
BRF:0
BRH:0
end_of_record
TN:
SF:src\js\PositionedCharacter.js
FN:4,(anonymous_0)
FNF:1
FNH:0
FNDA:0,(anonymous_0)
DA:5,0
DA:6,0
DA:9,0
DA:10,0
DA:13,0
DA:14,0
LF:6
LH:0
BRDA:5,0,0,0
BRDA:5,0,1,0
BRDA:9,1,0,0
BRDA:9,1,1,0
BRF:4
BRH:0
end_of_record
TN:
SF:src\js\Team.js
FN:16,(anonymous_0)
FNF:1
FNH:1
FNDA:1,(anonymous_0)
DA:17,1
DA:18,1
DA:20,0
LF:3
LH:2
BRF:0
BRH:0
end_of_record
TN:
SF:src\js\cursors.js
FNF:0
FNH:0
DA:1,2
LF:1
LH:1
BRF:0
BRH:0
end_of_record
TN:
SF:src\js\generators.js
FN:12,characterGenerator
FN:27,generateTeam
FNF:2
FNH:2
FNDA:16,characterGenerator
FNDA:1,generateTeam
DA:14,16
DA:15,16
DA:16,16
DA:17,14
DA:29,1
DA:30,1
DA:32,1
DA:33,10
DA:35,1
LF:9
LH:9
BRF:0
BRH:0
end_of_record
TN:
SF:src\js\themes.js
FNF:0
FNH:0
DA:1,2
LF:1
LH:1
BRF:0
BRH:0
end_of_record
TN:
SF:src\js\utils.js
FN:25,calcTileType
FN:59,calcHealthLevel
FNF:2
FNH:1
FNDA:9,calcTileType
FNDA:0,calcHealthLevel
DA:31,9
DA:32,1
DA:34,8
DA:35,1
DA:37,7
DA:38,1
DA:40,6
DA:41,1
DA:43,5
DA:44,1
DA:46,4
DA:47,1
DA:49,3
DA:50,1
DA:52,2
DA:53,1
DA:56,1
DA:60,0
DA:61,0
DA:64,0
DA:65,0
DA:68,0
LF:22
LH:17
BRDA:31,0,0,1
BRDA:31,0,1,8
BRDA:34,1,0,1
BRDA:34,1,1,7
BRDA:37,2,0,1
BRDA:37,2,1,6
BRDA:40,3,0,1
BRDA:40,3,1,5
BRDA:43,4,0,1
BRDA:43,4,1,4
BRDA:46,5,0,1
BRDA:46,5,1,3
BRDA:49,6,0,1
BRDA:49,6,1,2
BRDA:52,7,0,1
BRDA:52,7,1,1
BRDA:60,8,0,0
BRDA:60,8,1,0
BRDA:64,9,0,0
BRDA:64,9,1,0
BRF:20
BRH:16
end_of_record
TN:
SF:src\js\characters\Bowman.js
FN:4,(anonymous_0)
FNF:1
FNH:1
FNDA:13,(anonymous_0)
DA:5,13
DA:6,13
DA:7,13
DA:8,13
LF:4
LH:4
BRF:0
BRH:0
end_of_record
TN:
SF:src\js\characters\Daemon.js
FN:4,(anonymous_0)
FNF:1
FNH:0
FNDA:0,(anonymous_0)
DA:5,0
DA:6,0
DA:7,0
DA:8,0
LF:4
LH:0
BRF:0
BRH:0
end_of_record
TN:
SF:src\js\characters\Magician.js
FN:4,(anonymous_0)
FNF:1
FNH:1
FNDA:2,(anonymous_0)
DA:5,2
DA:6,2
DA:7,2
DA:8,2
LF:4
LH:4
BRF:0
BRH:0
end_of_record
TN:
SF:src\js\characters\Swordsman.js
FN:4,(anonymous_0)
FNF:1
FNH:1
FNDA:3,(anonymous_0)
DA:5,3
DA:6,3
DA:7,3
DA:8,3
LF:4
LH:4
BRF:0
BRH:0
end_of_record
TN:
SF:src\js\characters\Undead.js
FN:4,(anonymous_0)
FNF:1
FNH:0
FNDA:0,(anonymous_0)
DA:5,0
DA:6,0
DA:7,0
DA:8,0
LF:4
LH:0
BRF:0
BRH:0
end_of_record
TN:
SF:src\js\characters\Vampire.js
FN:4,(anonymous_0)
FNF:1
FNH:0
FNDA:0,(anonymous_0)
DA:5,0
DA:6,0
DA:7,0
DA:8,0
LF:4
LH:0
BRF:0
BRH:0
end_of_record
